#
# A fatal error has been detected by the Java Runtime Environment:
#
#  SIGSEGV (0xb) at pc=0x00007ff5299f659b, pid=8962, tid=0x00007ff56c470700
#
# JRE version: OpenJDK Runtime Environment (8.0_131-b11) (build 1.8.0_131-8u131-b11-0ubuntu1.16.04.2-b11)
# Java VM: OpenJDK 64-Bit Server VM (25.131-b11 mixed mode linux-amd64 compressed oops)
# Problematic frame:
# C  [libdrm_amdgpu.so.1+0x359b]  amdgpu_bo_list_destroy+0x4b
#
# Failed to write core dump. Core dumps have been disabled. To enable core dumping, try "ulimit -c unlimited" before starting Java again
#
# If you would like to submit a bug report, please visit:
#   http://bugreport.java.com/bugreport/crash.jsp
# The crash happened outside the Java Virtual Machine in native code.
# See problematic frame for where to report the bug.
#

---------------  T H R E A D  ---------------

Current thread (0x00007ff5803a6000):  JavaThread "QuantumRenderer-0" daemon [_thread_in_native, id=8996, stack(0x00007ff56c370000,0x00007ff56c471000)]

siginfo: si_signo: 11 (SIGSEGV), si_code: 1 (SEGV_MAPERR), si_addr: 0x0000000000000004

Registers:
RAX=0x0000000000000000, RBX=0x00007ff524826620, RCX=0x0000000000000018, RDX=0x00007ff56c46e6b0
RSP=0x00007ff56c46e6a0, RBP=0x00007ff56c46eda0, RSI=0x0000000000000003, RDI=0x00007ff524826620
R8 =0x00000000ffffffff, R9 =0x0000000000000000, R10=0x0000000000000000, R11=0x00007ff5299f6550
R12=0x00007ff56c46ec50, R13=0x00007ff52467b170, R14=0x00007ff523cb3e00, R15=0x00007ff523cb3da0
RIP=0x00007ff5299f659b, EFLAGS=0x0000000000010246, CSGSFS=0x0000000000000033, ERR=0x0000000000000004
  TRAPNO=0x000000000000000e

Top of Stack: (sp=0x00007ff56c46e6a0)
0x00007ff56c46e6a0:   00007ff5242f5460 000000000000001a
0x00007ff56c46e6b0:   2480005000000001 0000000000000000
0x00007ff56c46e6c0:   0000000000000000 1075d48c79899c00
0x00007ff56c46e6d0:   00007ff56c46ec58 00007ff52347b7cf
0x00007ff56c46e6e0:   0000000000000000 0000000000000000
0x00007ff56c46e6f0:   000000000000005b 0000000000000000
0x00007ff56c46e700:   0000000000000000 0000007c00000077
0x00007ff56c46e710:   00007ff56c46e750 00007ff50000003a
0x00007ff56c46e720:   00007ff56c46e7f0 0000000000000001
0x00007ff56c46e730:   00007ff56c46e8e0 00007ff524000020
0x00007ff56c46e740:   0000000000000030 00007ff56c46e8a0
0x00007ff56c46e750:   0000000000000000 0000000000000000
0x00007ff56c46e760:   0000000000000000 00007ff524826620
0x00007ff56c46e770:   0000000000000000 0000000000000000
0x00007ff56c46e780:   0000000000000003 00007ff56c46e870
0x00007ff56c46e790:   000000000000069b 0000000000000000
0x00007ff56c46e7a0:   0000000000000000 0000000000000000
0x00007ff56c46e7b0:   0000000000000000 0000000000000000
0x00007ff56c46e7c0:   0000000000000000 0000000000000000
0x00007ff56c46e7d0:   0000000000000000 0000000000000000
0x00007ff56c46e7e0:   0000000000000000 0000000000000000
0x00007ff56c46e7f0:   0000000000000000 0000000000000000
0x00007ff56c46e800:   00007ff523cb3e30 00007ff523cb3e10
0x00007ff56c46e810:   0000000000000000 00007ff524690000
0x00007ff56c46e820:   0000000000000000 000000000000069b
0x00007ff56c46e830:   000000000000069b 000000000000069b
0x00007ff56c46e840:   000000000000069b 000000000000069b
0x00007ff56c46e850:   000000000000069b 000000000000069b
0x00007ff56c46e860:   000000000000069b 0000000000000001
0x00007ff56c46e870:   0000000000000003 0000000100757000
0x00007ff56c46e880:   0000000000000008 0000000000000001
0x00007ff56c46e890:   0000000100747000 0000000000000720 

Instructions: (pc=0x00007ff5299f659b)
0x00007ff5299f657b:   00 00 00 48 8d 54 24 10 48 c7 44 24 20 00 00 00
0x00007ff5299f658b:   00 c7 44 24 10 01 00 00 00 89 44 24 14 48 8b 07
0x00007ff5299f659b:   8b 78 04 e8 6d e9 ff ff 85 c0 75 10 48 89 df 89
0x00007ff5299f65ab:   44 24 0c e8 3d e7 ff ff 8b 44 24 0c 48 8b 4c 24 

Register to memory mapping:

RAX=0x0000000000000000 is an unknown value
RBX=0x00007ff524826620 is an unknown value
RCX=0x0000000000000018 is an unknown value
RDX=0x00007ff56c46e6b0 is pointing into the stack for thread: 0x00007ff5803a6000
RSP=0x00007ff56c46e6a0 is pointing into the stack for thread: 0x00007ff5803a6000
RBP=0x00007ff56c46eda0 is pointing into the stack for thread: 0x00007ff5803a6000
RSI=0x0000000000000003 is an unknown value
RDI=0x00007ff524826620 is an unknown value
R8 =0x00000000ffffffff is an unknown value
R9 =0x0000000000000000 is an unknown value
R10=0x0000000000000000 is an unknown value
R11=0x00007ff5299f6550: amdgpu_bo_list_destroy+0 in /opt/amdgpu-pro/lib/x86_64-linux-gnu/libdrm_amdgpu.so.1 at 0x00007ff5299f3000
R12=0x00007ff56c46ec50 is pointing into the stack for thread: 0x00007ff5803a6000
R13=0x00007ff52467b170 is an unknown value
R14=0x00007ff523cb3e00: <offset 0x2b22e00> in /usr/lib/x86_64-linux-gnu/dri/amdgpu_dri.so at 0x00007ff521191000
R15=0x00007ff523cb3da0: <offset 0x2b22da0> in /usr/lib/x86_64-linux-gnu/dri/amdgpu_dri.so at 0x00007ff521191000


Stack: [0x00007ff56c370000,0x00007ff56c471000],  sp=0x00007ff56c46e6a0,  free space=1017k
Native frames: (J=compiled Java code, j=interpreted, Vv=VM code, C=native code)
C  [libdrm_amdgpu.so.1+0x359b]  amdgpu_bo_list_destroy+0x4b
C  0x000000ff00000000

Java frames: (J=compiled Java code, j=interpreted, Vv=VM code)
j  com.sun.prism.es2.X11GLDrawable.nSwapBuffers(J)Z+0
j  com.sun.prism.es2.X11GLDrawable.swapBuffers(Lcom/sun/prism/es2/GLContext;)Z+4
j  com.sun.prism.es2.ES2SwapChain.present()Z+11
j  com.sun.javafx.tk.quantum.PresentingPainter.run()V+446
j  java.util.concurrent.Executors$RunnableAdapter.call()Ljava/lang/Object;+4
j  java.util.concurrent.FutureTask.runAndReset()Z+47
j  com.sun.javafx.tk.RenderJob.run()V+1
j  java.util.concurrent.ThreadPoolExecutor.runWorker(Ljava/util/concurrent/ThreadPoolExecutor$Worker;)V+95
j  java.util.concurrent.ThreadPoolExecutor$Worker.run()V+5
j  com.sun.javafx.tk.quantum.QuantumRenderer$PipelineRunnable.run()V+8
j  java.lang.Thread.run()V+11
v  ~StubRoutines::call_stub

---------------  P R O C E S S  ---------------

Java Threads: ( => current thread )
  0x00007ff50c2d4000 JavaThread "Prism Font Disposer" daemon [_thread_blocked, id=9009, stack(0x00007ff518035000,0x00007ff518136000)]
  0x00007ff580414800 JavaThread "JavaFX-Launcher" [_thread_blocked, id=9000, stack(0x00007ff5187f9000,0x00007ff5188fa000)]
  0x00007ff580411000 JavaThread "JavaFX Application Thread" [_thread_blocked, id=8999, stack(0x00007ff5188fa000,0x00007ff5189fb000)]
  0x00007ff58040d000 JavaThread "Thread-1" daemon [_thread_blocked, id=8998, stack(0x00007ff5280f1000,0x00007ff5281f2000)]
=>0x00007ff5803a6000 JavaThread "QuantumRenderer-0" daemon [_thread_in_native, id=8996, stack(0x00007ff56c370000,0x00007ff56c471000)]
  0x00007ff5802c6800 JavaThread "Service Thread" daemon [_thread_blocked, id=8994, stack(0x00007ff56c572000,0x00007ff56c673000)]
  0x00007ff5802a7800 JavaThread "C1 CompilerThread2" daemon [_thread_blocked, id=8993, stack(0x00007ff56cb8c000,0x00007ff56cc8d000)]
  0x00007ff5802a4800 JavaThread "C2 CompilerThread1" daemon [_thread_blocked, id=8992, stack(0x00007ff56cc8d000,0x00007ff56cd8e000)]
  0x00007ff5802a3000 JavaThread "C2 CompilerThread0" daemon [_thread_blocked, id=8991, stack(0x00007ff56cd8e000,0x00007ff56ce8f000)]
  0x00007ff5802a1800 JavaThread "Monitor Ctrl-Break" daemon [_thread_in_native, id=8990, stack(0x00007ff56ce8f000,0x00007ff56cf90000)]
  0x00007ff580178800 JavaThread "Signal Dispatcher" daemon [_thread_blocked, id=8983, stack(0x00007ff56d0ea000,0x00007ff56d1eb000)]
  0x00007ff58014c000 JavaThread "Finalizer" daemon [_thread_blocked, id=8978, stack(0x00007ff56d369000,0x00007ff56d46a000)]
  0x00007ff580147800 JavaThread "Reference Handler" daemon [_thread_blocked, id=8977, stack(0x00007ff56d46a000,0x00007ff56d56b000)]
  0x00007ff58000b800 JavaThread "main" [_thread_blocked, id=8964, stack(0x00007ff587449000,0x00007ff58754a000)]

Other Threads:
  0x00007ff580140000 VMThread [stack: 0x00007ff56d56b000,0x00007ff56d66c000] [id=8975]
  0x00007ff5802c9000 WatcherThread [stack: 0x00007ff56c471000,0x00007ff56c572000] [id=8995]

VM state:not at safepoint (normal execution)

VM Mutex/Monitor currently owned by a thread: None

Heap:
 PSYoungGen      total 74752K, used 47463K [0x000000076cb00000, 0x0000000771e00000, 0x00000007c0000000)
  eden space 64512K, 73% used [0x000000076cb00000,0x000000076f959f00,0x0000000770a00000)
  from space 10240K, 0% used [0x0000000771400000,0x0000000771400000,0x0000000771e00000)
  to   space 10240K, 0% used [0x0000000770a00000,0x0000000770a00000,0x0000000771400000)
 ParOldGen       total 171008K, used 0K [0x00000006c6000000, 0x00000006d0700000, 0x000000076cb00000)
  object space 171008K, 0% used [0x00000006c6000000,0x00000006c6000000,0x00000006d0700000)
 Metaspace       used 13559K, capacity 14030K, committed 14080K, reserved 1060864K
  class space    used 1648K, capacity 1773K, committed 1792K, reserved 1048576K

Card table byte_map: [0x00007ff570054000,0x00007ff570825000] byte_map_base: 0x00007ff56ca24000

Marking Bits: (ParMarkBitMap*) 0x00007ff58672b260
 Begin Bits: [0x00007ff550300000, 0x00007ff554180000)
 End Bits:   [0x00007ff554180000, 0x00007ff558000000)

Polling page: 0x00007ff58757e000

CodeCache: size=245760Kb used=5672Kb max_used=5674Kb free=240087Kb
 bounds [0x00007ff570be5000, 0x00007ff571175000, 0x00007ff57fbe5000]
 total_blobs=2434 nmethods=1839 adapters=509
 compilation: enabled

Compilation events (10 events):
Event: 19,578 Thread 0x00007ff5802a7800 1835       3       java.util.concurrent.CountDownLatch$Sync::<init> (10 bytes)
Event: 19,578 Thread 0x00007ff5802a7800 nmethod 1835 0x00007ff571171510 code [0x00007ff571171680, 0x00007ff5711719d0]
Event: 19,610 Thread 0x00007ff5802a7800 1836       3       java.util.concurrent.CountDownLatch::getCount (9 bytes)
Event: 19,611 Thread 0x00007ff5802a7800 nmethod 1836 0x00007ff571171010 code [0x00007ff571171180, 0x00007ff571171450]
Event: 19,611 Thread 0x00007ff5802a7800 1837       3       java.util.concurrent.CountDownLatch$Sync::getCount (5 bytes)
Event: 19,611 Thread 0x00007ff5802a7800 nmethod 1837 0x00007ff571170c50 code [0x00007ff571170dc0, 0x00007ff571170fb0]
Event: 19,611 Thread 0x00007ff5802a7800 1838       3       java.util.Arrays::sort (47 bytes)
Event: 19,611 Thread 0x00007ff5802a7800 nmethod 1838 0x00007ff571170450 code [0x00007ff571170600, 0x00007ff571170a38]
Event: 19,611 Thread 0x00007ff5802a7800 1839       3       java.util.Arrays$LegacyMergeSort::access$000 (4 bytes)
Event: 19,611 Thread 0x00007ff5802a7800 nmethod 1839 0x00007ff57116ca50 code [0x00007ff57116cba0, 0x00007ff57116ccd0]

GC Heap History (0 events):
No events

Deoptimization events (10 events):
Event: 0,693 Thread 0x00007ff580411000 Uncommon trap: reason=class_check action=maybe_recompile pc=0x00007ff570d5f21c method=java.lang.String.equals(Ljava/lang/Object;)Z @ 8
Event: 0,693 Thread 0x00007ff580411000 Uncommon trap: reason=class_check action=maybe_recompile pc=0x00007ff570d5f21c method=java.lang.String.equals(Ljava/lang/Object;)Z @ 8
Event: 0,696 Thread 0x00007ff580411000 Uncommon trap: reason=class_check action=maybe_recompile pc=0x00007ff570d5f21c method=java.lang.String.equals(Ljava/lang/Object;)Z @ 8
Event: 0,758 Thread 0x00007ff580411000 Uncommon trap: reason=bimorphic action=maybe_recompile pc=0x00007ff570e63514 method=java.util.HashMap.getNode(ILjava/lang/Object;)Ljava/util/HashMap$Node; @ 126
Event: 0,759 Thread 0x00007ff580411000 Uncommon trap: reason=bimorphic action=maybe_recompile pc=0x00007ff570e63514 method=java.util.HashMap.getNode(ILjava/lang/Object;)Ljava/util/HashMap$Node; @ 126
Event: 0,759 Thread 0x00007ff580411000 Uncommon trap: reason=bimorphic action=maybe_recompile pc=0x00007ff570e63514 method=java.util.HashMap.getNode(ILjava/lang/Object;)Ljava/util/HashMap$Node; @ 126
Event: 0,759 Thread 0x00007ff580411000 Uncommon trap: reason=bimorphic action=maybe_recompile pc=0x00007ff570e63514 method=java.util.HashMap.getNode(ILjava/lang/Object;)Ljava/util/HashMap$Node; @ 126
Event: 0,787 Thread 0x00007ff580411000 Uncommon trap: reason=unstable_if action=reinterpret pc=0x00007ff570e170f4 method=sun.misc.URLClassPath$JarLoader.ensureOpen()V @ 4
Event: 0,793 Thread 0x00007ff580411000 Uncommon trap: reason=unstable_if action=reinterpret pc=0x00007ff570e797bc method=sun.net.www.ParseUtil.encodePath(Ljava/lang/String;Z)Ljava/lang/String; @ 109
Event: 11,210 Thread 0x00007ff580411000 Uncommon trap: reason=unstable_if action=reinterpret pc=0x00007ff570fbd334 method=javafx.scene.Node.updateLocalToParentTransform()V @ 4

Internal exceptions (10 events):
Event: 0,143 Thread 0x00007ff58000b800 Exception <a 'java/security/PrivilegedActionException'> (0x000000076d10daf8) thrown at [/build/openjdk-8-VTMhfL/openjdk-8-8u131-b11/src/hotspot/src/share/vm/prims/jvm.cpp, line 1390]
Event: 0,143 Thread 0x00007ff58000b800 Exception <a 'java/security/PrivilegedActionException'> (0x000000076d10fb80) thrown at [/build/openjdk-8-VTMhfL/openjdk-8-8u131-b11/src/hotspot/src/share/vm/prims/jvm.cpp, line 1390]
Event: 0,143 Thread 0x00007ff58000b800 Exception <a 'java/security/PrivilegedActionException'> (0x000000076d10fd90) thrown at [/build/openjdk-8-VTMhfL/openjdk-8-8u131-b11/src/hotspot/src/share/vm/prims/jvm.cpp, line 1390]
Event: 0,143 Thread 0x00007ff58000b800 Exception <a 'java/security/PrivilegedActionException'> (0x000000076d110868) thrown at [/build/openjdk-8-VTMhfL/openjdk-8-8u131-b11/src/hotspot/src/share/vm/prims/jvm.cpp, line 1390]
Event: 0,143 Thread 0x00007ff58000b800 Exception <a 'java/security/PrivilegedActionException'> (0x000000076d110a78) thrown at [/build/openjdk-8-VTMhfL/openjdk-8-8u131-b11/src/hotspot/src/share/vm/prims/jvm.cpp, line 1390]
Event: 0,143 Thread 0x00007ff58000b800 Exception <a 'java/lang/NullPointerException'> (0x000000076d1122e0) thrown at [/build/openjdk-8-VTMhfL/openjdk-8-8u131-b11/src/hotspot/src/share/vm/interpreter/linkResolver.cpp, line 1197]
Event: 0,159 Thread 0x00007ff58000b800 Implicit null exception at 0x00007ff570cfa8d5 to 0x00007ff570cfaabd
Event: 0,387 Thread 0x00007ff580411000 Exception <a 'java/lang/NullPointerException'> (0x000000076e104b30) thrown at [/build/openjdk-8-VTMhfL/openjdk-8-8u131-b11/src/hotspot/src/share/vm/interpreter/linkResolver.cpp, line 1197]
Event: 0,387 Thread 0x00007ff580411000 Exception <a 'java/lang/NullPointerException'> (0x000000076e104b30) thrown at [/build/openjdk-8-VTMhfL/openjdk-8-8u131-b11/src/hotspot/src/share/vm/prims/jvm.cpp, line 1394]
Event: 0,590 Thread 0x00007ff580411000 Implicit null exception at 0x00007ff570e60e35 to 0x00007ff570e61279

Events (10 events):
Event: 2,566 loading class javafx/event/Event done
Event: 2,566 loading class javafx/event/Event
Event: 2,566 loading class javafx/event/Event done
Event: 2,566 loading class javafx/scene/Node
Event: 2,566 loading class javafx/scene/Node done
Event: 4,079 Executing VM operation: EnableBiasedLocking
Event: 4,079 Executing VM operation: EnableBiasedLocking done
Event: 11,210 Thread 0x00007ff580411000 Uncommon trap: trap_request=0xffffff65 fr.pc=0x00007ff570fbd334
Event: 11,210 Thread 0x00007ff580411000 DEOPT PACKING pc=0x00007ff570fbd334 sp=0x00007ff5189f8290
Event: 11,210 Thread 0x00007ff580411000 DEOPT UNPACKING pc=0x00007ff570be9f69 sp=0x00007ff5189f8208 mode 2


Dynamic libraries:
00400000-00401000 r-xp 00000000 fc:00 2503872                            /usr/lib/jvm/java-8-openjdk-amd64/jre/bin/java
00600000-00601000 r--p 00000000 fc:00 2503872                            /usr/lib/jvm/java-8-openjdk-amd64/jre/bin/java
00601000-00602000 rw-p 00001000 fc:00 2503872                            /usr/lib/jvm/java-8-openjdk-amd64/jre/bin/java
01915000-01936000 rw-p 00000000 00:00 0                                  [heap]
6c6000000-6d0700000 rw-p 00000000 00:00 0 
6d0700000-76cb00000 ---p 00000000 00:00 0 
76cb00000-771e00000 rw-p 00000000 00:00 0 
771e00000-7c0000000 ---p 00000000 00:00 0 
7c0000000-7c01c0000 rw-p 00000000 00:00 0 
7c01c0000-800000000 ---p 00000000 00:00 0 
7ff500000000-7ff500021000 rw-p 00000000 00:00 0 
7ff500021000-7ff504000000 ---p 00000000 00:00 0 
7ff504000000-7ff504021000 rw-p 00000000 00:00 0 
7ff504021000-7ff508000000 ---p 00000000 00:00 0 
7ff508000000-7ff508021000 rw-p 00000000 00:00 0 
7ff508021000-7ff50c000000 ---p 00000000 00:00 0 
7ff50c000000-7ff50c2eb000 rw-p 00000000 00:00 0 
7ff50c2eb000-7ff510000000 ---p 00000000 00:00 0 
7ff5120a0000-7ff5121a0000 rw-s 1554b0000 00:06 241                       /dev/dri/card0
7ff5122a1000-7ff5124a1000 rw-p 00000000 00:00 0 
7ff5124a1000-7ff5124a2000 ---p 00000000 00:00 0 
7ff5124a2000-7ff512ca2000 rw-p 00000000 00:00 0 
7ff512ca2000-7ff512df7000 r-xp 00000000 fc:00 4083                       /usr/lib/x86_64-linux-gnu/gtk-2.0/2.10.0/engines/liboxygen-gtk.so
7ff512df7000-7ff512ff6000 ---p 00155000 fc:00 4083                       /usr/lib/x86_64-linux-gnu/gtk-2.0/2.10.0/engines/liboxygen-gtk.so
7ff512ff6000-7ff512ffd000 r--p 00154000 fc:00 4083                       /usr/lib/x86_64-linux-gnu/gtk-2.0/2.10.0/engines/liboxygen-gtk.so
7ff512ffd000-7ff512ffe000 rw-p 0015b000 fc:00 4083                       /usr/lib/x86_64-linux-gnu/gtk-2.0/2.10.0/engines/liboxygen-gtk.so
7ff512ffe000-7ff513000000 rw-p 00000000 00:00 0 
7ff513000000-7ff514000000 rw-s 151aa2000 00:06 241                       /dev/dri/card0
7ff514000000-7ff514021000 rw-p 00000000 00:00 0 
7ff514021000-7ff518000000 ---p 00000000 00:00 0 
7ff518035000-7ff518038000 ---p 00000000 00:00 0 
7ff518038000-7ff518136000 rw-p 00000000 00:00 0 
7ff518136000-7ff5181ef000 r--p 00000000 fc:00 657551                     /usr/share/fonts/truetype/dejavu/DejaVuSans.ttf
7ff5181ef000-7ff5183ef000 rw-p 00000000 00:00 0 
7ff5183ef000-7ff5183f4000 r-xp 00000000 fc:00 2491431                    /usr/lib/jvm/java-8-openjdk-amd64/jre/lib/amd64/libjavafx_font_freetype.so
7ff5183f4000-7ff5185f3000 ---p 00005000 fc:00 2491431                    /usr/lib/jvm/java-8-openjdk-amd64/jre/lib/amd64/libjavafx_font_freetype.so
7ff5185f3000-7ff5185f4000 r--p 00004000 fc:00 2491431                    /usr/lib/jvm/java-8-openjdk-amd64/jre/lib/amd64/libjavafx_font_freetype.so
7ff5185f4000-7ff5185f5000 rw-p 00005000 fc:00 2491431                    /usr/lib/jvm/java-8-openjdk-amd64/jre/lib/amd64/libjavafx_font_freetype.so
7ff5185f5000-7ff5185f8000 r-xp 00000000 fc:00 2491310                    /usr/lib/jvm/java-8-openjdk-amd64/jre/lib/amd64/libjavafx_font.so
7ff5185f8000-7ff5187f7000 ---p 00003000 fc:00 2491310                    /usr/lib/jvm/java-8-openjdk-amd64/jre/lib/amd64/libjavafx_font.so
7ff5187f7000-7ff5187f8000 r--p 00002000 fc:00 2491310                    /usr/lib/jvm/java-8-openjdk-amd64/jre/lib/amd64/libjavafx_font.so
7ff5187f8000-7ff5187f9000 rw-p 00003000 fc:00 2491310                    /usr/lib/jvm/java-8-openjdk-amd64/jre/lib/amd64/libjavafx_font.so
7ff5187f9000-7ff5187fc000 ---p 00000000 00:00 0 
7ff5187fc000-7ff5188fa000 rw-p 00000000 00:00 0 
7ff5188fa000-7ff5188fd000 ---p 00000000 00:00 0 
7ff5188fd000-7ff5189fb000 rw-p 00000000 00:00 0 
7ff5189fb000-7ff518a01000 r-xp 00000000 fc:00 2501441                    /usr/lib/x86_64-linux-gnu/libdatrie.so.1.3.3
7ff518a01000-7ff518c01000 ---p 00006000 fc:00 2501441                    /usr/lib/x86_64-linux-gnu/libdatrie.so.1.3.3
7ff518c01000-7ff518c02000 r--p 00006000 fc:00 2501441                    /usr/lib/x86_64-linux-gnu/libdatrie.so.1.3.3
7ff518c02000-7ff518c03000 rw-p 00007000 fc:00 2501441                    /usr/lib/x86_64-linux-gnu/libdatrie.so.1.3.3
7ff518c03000-7ff518c26000 r-xp 00000000 fc:00 2501691                    /usr/lib/x86_64-linux-gnu/libgraphite2.so.3.0.1
7ff518c26000-7ff518e25000 ---p 00023000 fc:00 2501691                    /usr/lib/x86_64-linux-gnu/libgraphite2.so.3.0.1
7ff518e25000-7ff518e27000 r--p 00022000 fc:00 2501691                    /usr/lib/x86_64-linux-gnu/libgraphite2.so.3.0.1
7ff518e27000-7ff518e28000 rw-p 00024000 fc:00 2501691                    /usr/lib/x86_64-linux-gnu/libgraphite2.so.3.0.1
7ff518e28000-7ff518e4e000 r-xp 00000000 fc:00 1446829                    /lib/x86_64-linux-gnu/libexpat.so.1.6.0
7ff518e4e000-7ff51904e000 ---p 00026000 fc:00 1446829                    /lib/x86_64-linux-gnu/libexpat.so.1.6.0
7ff51904e000-7ff519050000 r--p 00026000 fc:00 1446829                    /lib/x86_64-linux-gnu/libexpat.so.1.6.0
7ff519050000-7ff519051000 rw-p 00028000 fc:00 1446829                    /lib/x86_64-linux-gnu/libexpat.so.1.6.0
7ff519051000-7ff519059000 r-xp 00000000 fc:00 2502428                    /usr/lib/x86_64-linux-gnu/libthai.so.0.2.4
7ff519059000-7ff519258000 ---p 00008000 fc:00 2502428                    /usr/lib/x86_64-linux-gnu/libthai.so.0.2.4
7ff519258000-7ff519259000 r--p 00007000 fc:00 2502428                    /usr/lib/x86_64-linux-gnu/libthai.so.0.2.4
7ff519259000-7ff51925a000 rw-p 00008000 fc:00 2502428                    /usr/lib/x86_64-linux-gnu/libthai.so.0.2.4
7ff51925a000-7ff5192b6000 r-xp 00000000 fc:00 2495204                    /usr/lib/x86_64-linux-gnu/libharfbuzz.so.0.10000.1
7ff5192b6000-7ff5194b6000 ---p 0005c000 fc:00 2495204                    /usr/lib/x86_64-linux-gnu/libharfbuzz.so.0.10000.1
7ff5194b6000-7ff5194b7000 r--p 0005c000 fc:00 2495204                    /usr/lib/x86_64-linux-gnu/libharfbuzz.so.0.10000.1
7ff5194b7000-7ff5194b8000 rw-p 0005d000 fc:00 2495204                    /usr/lib/x86_64-linux-gnu/libharfbuzz.so.0.10000.1
7ff5194b8000-7ff519529000 r-xp 00000000 fc:00 1441816                    /lib/x86_64-linux-gnu/libpcre.so.3.13.3
7ff519529000-7ff519728000 ---p 00071000 fc:00 1441816                    /lib/x86_64-linux-gnu/libpcre.so.3.13.3
7ff519728000-7ff519729000 r--p 00070000 fc:00 1441816                    /lib/x86_64-linux-gnu/libpcre.so.3.13.3
7ff519729000-7ff51972a000 rw-p 00071000 fc:00 1441816                    /lib/x86_64-linux-gnu/libpcre.so.3.13.3
7ff51972a000-7ff519731000 r-xp 00000000 fc:00 2501558                    /usr/lib/x86_64-linux-gnu/libffi.so.6.0.4
7ff519731000-7ff519930000 ---p 00007000 fc:00 2501558                    /usr/lib/x86_64-linux-gnu/libffi.so.6.0.4
7ff519930000-7ff519931000 r--p 00006000 fc:00 2501558                    /usr/lib/x86_64-linux-gnu/libffi.so.6.0.4
7ff519931000-7ff519932000 rw-p 00007000 fc:00 2501558                    /usr/lib/x86_64-linux-gnu/libffi.so.6.0.4
7ff519932000-7ff519949000 r-xp 00000000 fc:00 1450278                    /lib/x86_64-linux-gnu/libresolv-2.23.so
7ff519949000-7ff519b49000 ---p 00017000 fc:00 1450278                    /lib/x86_64-linux-gnu/libresolv-2.23.so
7ff519b49000-7ff519b4a000 r--p 00017000 fc:00 1450278                    /lib/x86_64-linux-gnu/libresolv-2.23.so
7ff519b4a000-7ff519b4b000 rw-p 00018000 fc:00 1450278                    /lib/x86_64-linux-gnu/libresolv-2.23.so
7ff519b4b000-7ff519b4d000 rw-p 00000000 00:00 0 
7ff519b4d000-7ff519b6c000 r-xp 00000000 fc:00 1446954                    /lib/x86_64-linux-gnu/libselinux.so.1
7ff519b6c000-7ff519d6b000 ---p 0001f000 fc:00 1446954                    /lib/x86_64-linux-gnu/libselinux.so.1
7ff519d6b000-7ff519d6c000 r--p 0001e000 fc:00 1446954                    /lib/x86_64-linux-gnu/libselinux.so.1
7ff519d6c000-7ff519d6d000 rw-p 0001f000 fc:00 1446954                    /lib/x86_64-linux-gnu/libselinux.so.1
7ff519d6d000-7ff519d6f000 rw-p 00000000 00:00 0 
7ff519d6f000-7ff519d77000 r-xp 00000000 fc:00 2502609                    /usr/lib/x86_64-linux-gnu/libxcb-render.so.0.0.0
7ff519d77000-7ff519f77000 ---p 00008000 fc:00 2502609                    /usr/lib/x86_64-linux-gnu/libxcb-render.so.0.0.0
7ff519f77000-7ff519f78000 r--p 00008000 fc:00 2502609                    /usr/lib/x86_64-linux-gnu/libxcb-render.so.0.0.0
7ff519f78000-7ff519f79000 rw-p 00009000 fc:00 2502609                    /usr/lib/x86_64-linux-gnu/libxcb-render.so.0.0.0
7ff519f79000-7ff519f7b000 r-xp 00000000 fc:00 2502613                    /usr/lib/x86_64-linux-gnu/libxcb-shm.so.0.0.0
7ff519f7b000-7ff51a17b000 ---p 00002000 fc:00 2502613                    /usr/lib/x86_64-linux-gnu/libxcb-shm.so.0.0.0
7ff51a17b000-7ff51a17c000 r--p 00002000 fc:00 2502613                    /usr/lib/x86_64-linux-gnu/libxcb-shm.so.0.0.0
7ff51a17c000-7ff51a17d000 rw-p 00003000 fc:00 2502613                    /usr/lib/x86_64-linux-gnu/libxcb-shm.so.0.0.0
7ff51a17d000-7ff51a1a1000 r-xp 00000000 fc:00 1446937                    /lib/x86_64-linux-gnu/libpng12.so.0.54.0
7ff51a1a1000-7ff51a3a0000 ---p 00024000 fc:00 1446937                    /lib/x86_64-linux-gnu/libpng12.so.0.54.0
7ff51a3a0000-7ff51a3a1000 r--p 00023000 fc:00 1446937                    /lib/x86_64-linux-gnu/libpng12.so.0.54.0
7ff51a3a1000-7ff51a3a2000 rw-p 00024000 fc:00 1446937                    /lib/x86_64-linux-gnu/libpng12.so.0.54.0
7ff51a3a2000-7ff51a446000 r-xp 00000000 fc:00 2492691                    /usr/lib/x86_64-linux-gnu/libfreetype.so.6.12.1
7ff51a446000-7ff51a645000 ---p 000a4000 fc:00 2492691                    /usr/lib/x86_64-linux-gnu/libfreetype.so.6.12.1
7ff51a645000-7ff51a64b000 r--p 000a3000 fc:00 2492691                    /usr/lib/x86_64-linux-gnu/libfreetype.so.6.12.1
7ff51a64b000-7ff51a64c000 rw-p 000a9000 fc:00 2492691                    /usr/lib/x86_64-linux-gnu/libfreetype.so.6.12.1
7ff51a64c000-7ff51a6eb000 r-xp 00000000 fc:00 2502163                    /usr/lib/x86_64-linux-gnu/libpixman-1.so.0.33.6
7ff51a6eb000-7ff51a8eb000 ---p 0009f000 fc:00 2502163                    /usr/lib/x86_64-linux-gnu/libpixman-1.so.0.33.6
7ff51a8eb000-7ff51a8f3000 r--p 0009f000 fc:00 2502163                    /usr/lib/x86_64-linux-gnu/libpixman-1.so.0.33.6
7ff51a8f3000-7ff51a8f4000 rw-p 000a7000 fc:00 2502163                    /usr/lib/x86_64-linux-gnu/libpixman-1.so.0.33.6
7ff51a8f4000-7ff51a8f6000 r-xp 00000000 fc:00 2501209                    /usr/lib/x86_64-linux-gnu/libXcomposite.so.1.0.0
7ff51a8f6000-7ff51aaf5000 ---p 00002000 fc:00 2501209                    /usr/lib/x86_64-linux-gnu/libXcomposite.so.1.0.0
7ff51aaf5000-7ff51aaf6000 r--p 00001000 fc:00 2501209                    /usr/lib/x86_64-linux-gnu/libXcomposite.so.1.0.0
7ff51aaf6000-7ff51aaf7000 rw-p 00002000 fc:00 2501209                    /usr/lib/x86_64-linux-gnu/libXcomposite.so.1.0.0
7ff51aaf7000-7ff51ab00000 r-xp 00000000 fc:00 2501211                    /usr/lib/x86_64-linux-gnu/libXcursor.so.1.0.2
7ff51ab00000-7ff51acff000 ---p 00009000 fc:00 2501211                    /usr/lib/x86_64-linux-gnu/libXcursor.so.1.0.2
7ff51acff000-7ff51ad00000 r--p 00008000 fc:00 2501211                    /usr/lib/x86_64-linux-gnu/libXcursor.so.1.0.2
7ff51ad00000-7ff51ad01000 rw-p 00009000 fc:00 2501211                    /usr/lib/x86_64-linux-gnu/libXcursor.so.1.0.2
7ff51ad01000-7ff51ad0b000 r-xp 00000000 fc:00 2501235                    /usr/lib/x86_64-linux-gnu/libXrandr.so.2.2.0
7ff51ad0b000-7ff51af0a000 ---p 0000a000 fc:00 2501235                    /usr/lib/x86_64-linux-gnu/libXrandr.so.2.2.0
7ff51af0a000-7ff51af0b000 r--p 00009000 fc:00 2501235                    /usr/lib/x86_64-linux-gnu/libXrandr.so.2.2.0
7ff51af0b000-7ff51af0c000 rw-p 0000a000 fc:00 2501235                    /usr/lib/x86_64-linux-gnu/libXrandr.so.2.2.0
7ff51af0c000-7ff51af1b000 r-xp 00000000 fc:00 2501225                    /usr/lib/x86_64-linux-gnu/libXi.so.6.1.0
7ff51af1b000-7ff51b11a000 ---p 0000f000 fc:00 2501225                    /usr/lib/x86_64-linux-gnu/libXi.so.6.1.0
7ff51b11a000-7ff51b11b000 r--p 0000e000 fc:00 2501225                    /usr/lib/x86_64-linux-gnu/libXi.so.6.1.0
7ff51b11b000-7ff51b11c000 rw-p 0000f000 fc:00 2501225                    /usr/lib/x86_64-linux-gnu/libXi.so.6.1.0
7ff51b11c000-7ff51b11e000 r-xp 00000000 fc:00 2501227                    /usr/lib/x86_64-linux-gnu/libXinerama.so.1.0.0
7ff51b11e000-7ff51b31d000 ---p 00002000 fc:00 2501227                    /usr/lib/x86_64-linux-gnu/libXinerama.so.1.0.0
7ff51b31d000-7ff51b31e000 r--p 00001000 fc:00 2501227                    /usr/lib/x86_64-linux-gnu/libXinerama.so.1.0.0
7ff51b31e000-7ff51b31f000 rw-p 00002000 fc:00 2501227                    /usr/lib/x86_64-linux-gnu/libXinerama.so.1.0.0
7ff51b31f000-7ff51b328000 r-xp 00000000 fc:00 2501237                    /usr/lib/x86_64-linux-gnu/libXrender.so.1.3.0
7ff51b328000-7ff51b527000 ---p 00009000 fc:00 2501237                    /usr/lib/x86_64-linux-gnu/libXrender.so.1.3.0
7ff51b527000-7ff51b528000 r--p 00008000 fc:00 2501237                    /usr/lib/x86_64-linux-gnu/libXrender.so.1.3.0
7ff51b528000-7ff51b529000 rw-p 00009000 fc:00 2501237                    /usr/lib/x86_64-linux-gnu/libXrender.so.1.3.0
7ff51b529000-7ff51b566000 r-xp 00000000 fc:00 2491962                    /usr/lib/x86_64-linux-gnu/libfontconfig.so.1.9.0
7ff51b566000-7ff51b765000 ---p 0003d000 fc:00 2491962                    /usr/lib/x86_64-linux-gnu/libfontconfig.so.1.9.0
7ff51b765000-7ff51b767000 r--p 0003c000 fc:00 2491962                    /usr/lib/x86_64-linux-gnu/libfontconfig.so.1.9.0
7ff51b767000-7ff51b76c000 rw-p 0003e000 fc:00 2491962                    /usr/lib/x86_64-linux-gnu/libfontconfig.so.1.9.0
7ff51b76c000-7ff51b7b5000 r-xp 00000000 fc:00 2502135                    /usr/lib/x86_64-linux-gnu/libpango-1.0.so.0.3800.1
7ff51b7b5000-7ff51b9b5000 ---p 00049000 fc:00 2502135                    /usr/lib/x86_64-linux-gnu/libpango-1.0.so.0.3800.1
7ff51b9b5000-7ff51b9b7000 r--p 00049000 fc:00 2502135                    /usr/lib/x86_64-linux-gnu/libpango-1.0.so.0.3800.1
7ff51b9b7000-7ff51b9b8000 rw-p 0004b000 fc:00 2502135                    /usr/lib/x86_64-linux-gnu/libpango-1.0.so.0.3800.1
7ff51b9b8000-7ff51b9cc000 r-xp 00000000 fc:00 2502139                    /usr/lib/x86_64-linux-gnu/libpangoft2-1.0.so.0.3800.1
7ff51b9cc000-7ff51bbcc000 ---p 00014000 fc:00 2502139                    /usr/lib/x86_64-linux-gnu/libpangoft2-1.0.so.0.3800.1
7ff51bbcc000-7ff51bbcd000 r--p 00014000 fc:00 2502139                    /usr/lib/x86_64-linux-gnu/libpangoft2-1.0.so.0.3800.1
7ff51bbcd000-7ff51bbce000 rw-p 00015000 fc:00 2502139                    /usr/lib/x86_64-linux-gnu/libpangoft2-1.0.so.0.3800.1
7ff51bbce000-7ff51bbf0000 r-xp 00000000 fc:00 2501310                    /usr/lib/x86_64-linux-gnu/libatk-1.0.so.0.21809.1
7ff51bbf0000-7ff51bdef000 ---p 00022000 fc:00 2501310                    /usr/lib/x86_64-linux-gnu/libatk-1.0.so.0.21809.1
7ff51bdef000-7ff51bdf2000 r--p 00021000 fc:00 2501310                    /usr/lib/x86_64-linux-gnu/libatk-1.0.so.0.21809.1
7ff51bdf2000-7ff51bdf3000 rw-p 00024000 fc:00 2501310                    /usr/lib/x86_64-linux-gnu/libatk-1.0.so.0.21809.1
7ff51bdf3000-7ff51bdff000 r-xp 00000000 fc:00 2502137                    /usr/lib/x86_64-linux-gnu/libpangocairo-1.0.so.0.3800.1
7ff51bdff000-7ff51bffe000 ---p 0000c000 fc:00 2502137                    /usr/lib/x86_64-linux-gnu/libpangocairo-1.0.so.0.3800.1
7ff51bffe000-7ff51bfff000 r--p 0000b000 fc:00 2502137                    /usr/lib/x86_64-linux-gnu/libpangocairo-1.0.so.0.3800.1
7ff51bfff000-7ff51c000000 rw-p 0000c000 fc:00 2502137                    /usr/lib/x86_64-linux-gnu/libpangocairo-1.0.so.0.3800.1
7ff51c000000-7ff51c021000 rw-p 00000000 00:00 0 
7ff51c021000-7ff520000000 ---p 00000000 00:00 0 
7ff520077000-7ff52007a000 r-xp 00000000 fc:00 2494300                    /usr/lib/x86_64-linux-gnu/libgmodule-2.0.so.0.4800.2
7ff52007a000-7ff520279000 ---p 00003000 fc:00 2494300                    /usr/lib/x86_64-linux-gnu/libgmodule-2.0.so.0.4800.2
7ff520279000-7ff52027a000 r--p 00002000 fc:00 2494300                    /usr/lib/x86_64-linux-gnu/libgmodule-2.0.so.0.4800.2
7ff52027a000-7ff52027b000 rw-p 00003000 fc:00 2494300                    /usr/lib/x86_64-linux-gnu/libgmodule-2.0.so.0.4800.2
7ff52027b000-7ff520280000 r-xp 00000000 fc:00 2501243                    /usr/lib/x86_64-linux-gnu/libXtst.so.6.1.0
7ff520280000-7ff52047f000 ---p 00005000 fc:00 2501243                    /usr/lib/x86_64-linux-gnu/libXtst.so.6.1.0
7ff52047f000-7ff520480000 r--p 00004000 fc:00 2501243                    /usr/lib/x86_64-linux-gnu/libXtst.so.6.1.0
7ff520480000-7ff520481000 rw-p 00005000 fc:00 2501243                    /usr/lib/x86_64-linux-gnu/libXtst.so.6.1.0
7ff520481000-7ff520590000 r-xp 00000000 fc:00 1446437                    /lib/x86_64-linux-gnu/libglib-2.0.so.0.4800.2
7ff520590000-7ff52078f000 ---p 0010f000 fc:00 1446437                    /lib/x86_64-linux-gnu/libglib-2.0.so.0.4800.2
7ff52078f000-7ff520790000 r--p 0010e000 fc:00 1446437                    /lib/x86_64-linux-gnu/libglib-2.0.so.0.4800.2
7ff520790000-7ff520791000 rw-p 0010f000 fc:00 1446437                    /lib/x86_64-linux-gnu/libglib-2.0.so.0.4800.2
7ff520791000-7ff520792000 rw-p 00000000 00:00 0 
7ff520792000-7ff520793000 r-xp 00000000 fc:00 2494301                    /usr/lib/x86_64-linux-gnu/libgthread-2.0.so.0.4800.2
7ff520793000-7ff520992000 ---p 00001000 fc:00 2494301                    /usr/lib/x86_64-linux-gnu/libgthread-2.0.so.0.4800.2
7ff520992000-7ff520993000 r--p 00000000 fc:00 2494301                    /usr/lib/x86_64-linux-gnu/libgthread-2.0.so.0.4800.2
7ff520993000-7ff520994000 rw-p 00001000 fc:00 2494301                    /usr/lib/x86_64-linux-gnu/libgthread-2.0.so.0.4800.2
7ff520994000-7ff5209e6000 r-xp 00000000 fc:00 2494302                    /usr/lib/x86_64-linux-gnu/libgobject-2.0.so.0.4800.2
7ff5209e6000-7ff520be5000 ---p 00052000 fc:00 2494302                    /usr/lib/x86_64-linux-gnu/libgobject-2.0.so.0.4800.2
7ff520be5000-7ff520be6000 r--p 00051000 fc:00 2494302                    /usr/lib/x86_64-linux-gnu/libgobject-2.0.so.0.4800.2
7ff520be6000-7ff520be7000 rw-p 00052000 fc:00 2494302                    /usr/lib/x86_64-linux-gnu/libgobject-2.0.so.0.4800.2
7ff520be7000-7ff520d67000 r-xp 00000000 fc:00 2494303                    /usr/lib/x86_64-linux-gnu/libgio-2.0.so.0.4800.2
7ff520d67000-7ff520f67000 ---p 00180000 fc:00 2494303                    /usr/lib/x86_64-linux-gnu/libgio-2.0.so.0.4800.2
7ff520f67000-7ff520f6b000 r--p 00180000 fc:00 2494303                    /usr/lib/x86_64-linux-gnu/libgio-2.0.so.0.4800.2
7ff520f6b000-7ff520f6d000 rw-p 00184000 fc:00 2494303                    /usr/lib/x86_64-linux-gnu/libgio-2.0.so.0.4800.2
7ff520f6d000-7ff520f6f000 rw-p 00000000 00:00 0 
7ff520f6f000-7ff520f90000 r-xp 00000000 fc:00 2490768                    /usr/lib/x86_64-linux-gnu/libgdk_pixbuf-2.0.so.0.3200.2
7ff520f90000-7ff52118f000 ---p 00021000 fc:00 2490768                    /usr/lib/x86_64-linux-gnu/libgdk_pixbuf-2.0.so.0.3200.2
7ff52118f000-7ff521190000 r--p 00020000 fc:00 2490768                    /usr/lib/x86_64-linux-gnu/libgdk_pixbuf-2.0.so.0.3200.2
7ff521190000-7ff521191000 rw-p 00021000 fc:00 2490768                    /usr/lib/x86_64-linux-gnu/libgdk_pixbuf-2.0.so.0.3200.2
7ff521191000-7ff523955000 r-xp 00000000 fc:00 3423                       /usr/lib/x86_64-linux-gnu/dri/amdgpu_dri.so
7ff523955000-7ff523b55000 ---p 027c4000 fc:00 3423                       /usr/lib/x86_64-linux-gnu/dri/amdgpu_dri.so
7ff523b55000-7ff523e30000 rwxp 027c4000 fc:00 3423                       /usr/lib/x86_64-linux-gnu/dri/amdgpu_dri.so
7ff523e30000-7ff524000000 rwxp 00000000 00:00 0 
7ff524000000-7ff5249a6000 rw-p 00000000 00:00 0 
7ff5249a6000-7ff528000000 ---p 00000000 00:00 0 
7ff52803c000-7ff528040000 r--s 00000000 fc:05 787371                     /var/cache/fontconfig/6aa41aa22e18b8fa06a12da28ea9c28b-le64.cache-6
7ff528040000-7ff52804b000 r--s 00000000 fc:05 786771                     /var/cache/fontconfig/945677eb7aeaf62f1d50efc3fb3ec7d8-le64.cache-6
7ff52804b000-7ff528051000 r--s 00000000 fc:05 786918                     /var/cache/fontconfig/2cd17615ca594fa2959ae173292e504c-le64.cache-6
7ff528051000-7ff528055000 r--s 00000000 fc:05 787725                     /var/cache/fontconfig/de156ccd2eddbdc19d37a45b8b2aac9c-le64.cache-6
7ff528055000-7ff52806a000 r--s 00000000 fc:05 786916                     /var/cache/fontconfig/04aabc0a78ac019cf9454389977116d2-le64.cache-6
7ff52806a000-7ff52806e000 r--s 00000000 fc:05 786912                     /var/cache/fontconfig/385c0604a188198f04d133e54aba7fe7-le64.cache-6
7ff52806e000-7ff528071000 r--s 00000000 fc:05 786903                     /var/cache/fontconfig/767a8244fc0220cfb567a839d0392e0b-le64.cache-6
7ff528071000-7ff5280b1000 r--s 00000000 fc:05 786900                     /var/cache/fontconfig/0bd3dc0958fa2205aaaa8ebb13e2872b-le64.cache-6
7ff5280b1000-7ff5280b6000 r--s 00000000 fc:05 786889                     /var/cache/fontconfig/8801497958630a81b71ace7c5f9b32a8-le64.cache-6
7ff5280b6000-7ff5280f1000 r--s 00000000 fc:05 786854                     /var/cache/fontconfig/365b55f210c0a22e9a19e35191240f32-le64.cache-6
7ff5280f1000-7ff5280f4000 ---p 00000000 00:00 0 
7ff5280f4000-7ff5281f2000 rw-p 00000000 00:00 0 
7ff5281f2000-7ff528300000 r-xp 00000000 fc:00 2501380                    /usr/lib/x86_64-linux-gnu/libcairo.so.2.11400.6
7ff528300000-7ff528500000 ---p 0010e000 fc:00 2501380                    /usr/lib/x86_64-linux-gnu/libcairo.so.2.11400.6
7ff528500000-7ff528503000 r--p 0010e000 fc:00 2501380                    /usr/lib/x86_64-linux-gnu/libcairo.so.2.11400.6
7ff528503000-7ff528504000 rw-p 00111000 fc:00 2501380                    /usr/lib/x86_64-linux-gnu/libcairo.so.2.11400.6
7ff528504000-7ff528506000 rw-p 00000000 00:00 0 
7ff528506000-7ff5285b6000 r-xp 00000000 fc:00 2501631                    /usr/lib/x86_64-linux-gnu/libgdk-x11-2.0.so.0.2400.30
7ff5285b6000-7ff5287b5000 ---p 000b0000 fc:00 2501631                    /usr/lib/x86_64-linux-gnu/libgdk-x11-2.0.so.0.2400.30
7ff5287b5000-7ff5287b9000 r--p 000af000 fc:00 2501631                    /usr/lib/x86_64-linux-gnu/libgdk-x11-2.0.so.0.2400.30
7ff5287b9000-7ff5287bb000 rw-p 000b3000 fc:00 2501631                    /usr/lib/x86_64-linux-gnu/libgdk-x11-2.0.so.0.2400.30
7ff5287bb000-7ff528bf9000 r-xp 00000000 fc:00 2501743                    /usr/lib/x86_64-linux-gnu/libgtk-x11-2.0.so.0.2400.30
7ff528bf9000-7ff528df8000 ---p 0043e000 fc:00 2501743                    /usr/lib/x86_64-linux-gnu/libgtk-x11-2.0.so.0.2400.30
7ff528df8000-7ff528dff000 r--p 0043d000 fc:00 2501743                    /usr/lib/x86_64-linux-gnu/libgtk-x11-2.0.so.0.2400.30
7ff528dff000-7ff528e03000 rw-p 00444000 fc:00 2501743                    /usr/lib/x86_64-linux-gnu/libgtk-x11-2.0.so.0.2400.30
7ff528e03000-7ff528e06000 rw-p 00000000 00:00 0 
7ff528e06000-7ff528e2e000 r-xp 00000000 fc:00 2491334                    /usr/lib/jvm/java-8-openjdk-amd64/jre/lib/amd64/libglass.so
7ff528e2e000-7ff52902e000 ---p 00028000 fc:00 2491334                    /usr/lib/jvm/java-8-openjdk-amd64/jre/lib/amd64/libglass.so
7ff52902e000-7ff52902f000 r--p 00028000 fc:00 2491334                    /usr/lib/jvm/java-8-openjdk-amd64/jre/lib/amd64/libglass.so
7ff52902f000-7ff529030000 rw-p 00029000 fc:00 2491334                    /usr/lib/jvm/java-8-openjdk-amd64/jre/lib/amd64/libglass.so
7ff529030000-7ff529060000 rw-s 151072000 00:06 241                       /dev/dri/card0
7ff529060000-7ff5290c5000 rw-p 00000000 00:00 0 
7ff5290c5000-7ff5290f5000 rw-s 150c74000 00:06 241                       /dev/dri/card0
7ff5290f5000-7ff5290f6000 ---p 00000000 00:00 0 
7ff5290f6000-7ff5298f6000 rw-p 00000000 00:00 0 
7ff5298f6000-7ff5298f7000 r--s 00000000 fc:05 786917                     /var/cache/fontconfig/0d8c3b2ac0904cb8a57a757ad11a4a08-le64.cache-6
7ff5298f7000-7ff5298f8000 r--s 00000000 fc:05 786913                     /var/cache/fontconfig/1ac9eb803944fde146138c791f5cc56a-le64.cache-6
7ff5298f8000-7ff5298ff000 r--s 00000000 fc:05 786880                     /var/cache/fontconfig/3047814df9a2f067bd2d96a2b9c36e5a-le64.cache-6
7ff5298ff000-7ff529907000 r--s 00000000 fc:05 786879                     /var/cache/fontconfig/bf3b770c553c462765856025a94f1ce6-le64.cache-6
7ff529907000-7ff52991a000 r--s 00000000 fc:05 786860                     /var/cache/fontconfig/d52a8644073d54c13679302ca1180695-le64.cache-6
7ff52991a000-7ff52994a000 rw-s 151016000 00:06 241                       /dev/dri/card0
7ff52994a000-7ff52997a000 rw-s 15034e000 00:06 241                       /dev/dri/card0
7ff52997a000-7ff5299f3000 rw-p 00000000 00:00 0 
7ff5299f3000-7ff5299ff000 r-xp 00000000 fc:00 1051331                    /opt/amdgpu-pro/lib/x86_64-linux-gnu/libdrm_amdgpu.so.1.0.0
7ff5299ff000-7ff529bfe000 ---p 0000c000 fc:00 1051331                    /opt/amdgpu-pro/lib/x86_64-linux-gnu/libdrm_amdgpu.so.1.0.0
7ff529bfe000-7ff529bff000 r--p 0000b000 fc:00 1051331                    /opt/amdgpu-pro/lib/x86_64-linux-gnu/libdrm_amdgpu.so.1.0.0
7ff529bff000-7ff529c00000 rw-p 0000c000 fc:00 1051331                    /opt/amdgpu-pro/lib/x86_64-linux-gnu/libdrm_amdgpu.so.1.0.0
7ff529c00000-7ff529e00000 rw-p 00000000 00:00 0 
7ff529e00000-7ff529e01000 r--s 00000000 fc:05 786911                     /var/cache/fontconfig/dc05db6664285cc2f12bf69c139ae4c3-le64.cache-6
7ff529e01000-7ff529e03000 r--s 00000000 fc:05 786902                     /var/cache/fontconfig/69fb4bbe1b2fa860e172a32ebf28505c-le64.cache-6
7ff529e03000-7ff529e04000 r--s 00000000 fc:05 786753                     /var/cache/fontconfig/4794a0821666d79190d59a36cb4f44b5-le64.cache-6
7ff529e04000-7ff529e0a000 r--s 00000000 fc:05 786863                     /var/cache/fontconfig/b47c4e1ecd0709278f4910c18777a504-le64.cache-6
7ff529e0a000-7ff529e3a000 rw-s 150c05000 00:06 241                       /dev/dri/card0
7ff529e3a000-7ff529e3f000 r-xp 00000000 fc:00 2501215                    /usr/lib/x86_64-linux-gnu/libXdmcp.so.6.0.0
7ff529e3f000-7ff52a03e000 ---p 00005000 fc:00 2501215                    /usr/lib/x86_64-linux-gnu/libXdmcp.so.6.0.0
7ff52a03e000-7ff52a03f000 r--p 00004000 fc:00 2501215                    /usr/lib/x86_64-linux-gnu/libXdmcp.so.6.0.0
7ff52a03f000-7ff52a040000 rw-p 00005000 fc:00 2501215                    /usr/lib/x86_64-linux-gnu/libXdmcp.so.6.0.0
7ff52a040000-7ff52a042000 r-xp 00000000 fc:00 2501204                    /usr/lib/x86_64-linux-gnu/libXau.so.6.0.0
7ff52a042000-7ff52a242000 ---p 00002000 fc:00 2501204                    /usr/lib/x86_64-linux-gnu/libXau.so.6.0.0
7ff52a242000-7ff52a243000 r--p 00002000 fc:00 2501204                    /usr/lib/x86_64-linux-gnu/libXau.so.6.0.0
7ff52a243000-7ff52a244000 rw-p 00003000 fc:00 2501204                    /usr/lib/x86_64-linux-gnu/libXau.so.6.0.0
7ff52a244000-7ff52a249000 r-xp 00000000 fc:00 2502615                    /usr/lib/x86_64-linux-gnu/libxcb-sync.so.1.0.0
7ff52a249000-7ff52a449000 ---p 00005000 fc:00 2502615                    /usr/lib/x86_64-linux-gnu/libxcb-sync.so.1.0.0
7ff52a449000-7ff52a44a000 r--p 00005000 fc:00 2502615                    /usr/lib/x86_64-linux-gnu/libxcb-sync.so.1.0.0
7ff52a44a000-7ff52a44b000 rw-p 00006000 fc:00 2502615                    /usr/lib/x86_64-linux-gnu/libxcb-sync.so.1.0.0
7ff52a44b000-7ff52a44c000 r-xp 00000000 fc:00 2502636                    /usr/lib/x86_64-linux-gnu/libxshmfence.so.1.0.0
7ff52a44c000-7ff52a64c000 ---p 00001000 fc:00 2502636                    /usr/lib/x86_64-linux-gnu/libxshmfence.so.1.0.0
7ff52a64c000-7ff52a64d000 r--p 00001000 fc:00 2502636                    /usr/lib/x86_64-linux-gnu/libxshmfence.so.1.0.0
7ff52a64d000-7ff52a64e000 rw-p 00002000 fc:00 2502636                    /usr/lib/x86_64-linux-gnu/libxshmfence.so.1.0.0
7ff52a64e000-7ff52a65c000 r-xp 00000000 fc:00 1051328                    /opt/amdgpu-pro/lib/x86_64-linux-gnu/libdrm.so.2.4.0
7ff52a65c000-7ff52a85b000 ---p 0000e000 fc:00 1051328                    /opt/amdgpu-pro/lib/x86_64-linux-gnu/libdrm.so.2.4.0
7ff52a85b000-7ff52a85c000 r--p 0000d000 fc:00 1051328                    /opt/amdgpu-pro/lib/x86_64-linux-gnu/libdrm.so.2.4.0
7ff52a85c000-7ff52a85d000 rw-p 0000e000 fc:00 1051328                    /opt/amdgpu-pro/lib/x86_64-linux-gnu/libdrm.so.2.4.0
7ff52a85d000-7ff52a862000 r-xp 00000000 fc:00 2501253                    /usr/lib/x86_64-linux-gnu/libXxf86vm.so.1.0.0
7ff52a862000-7ff52aa61000 ---p 00005000 fc:00 2501253                    /usr/lib/x86_64-linux-gnu/libXxf86vm.so.1.0.0
7ff52aa61000-7ff52aa62000 r--p 00004000 fc:00 2501253                    /usr/lib/x86_64-linux-gnu/libXxf86vm.so.1.0.0
7ff52aa62000-7ff52aa63000 rw-p 00005000 fc:00 2501253                    /usr/lib/x86_64-linux-gnu/libXxf86vm.so.1.0.0
7ff52aa63000-7ff52aa67000 r-xp 00000000 fc:00 2502589                    /usr/lib/x86_64-linux-gnu/libxcb-dri2.so.0.0.0
7ff52aa67000-7ff52ac66000 ---p 00004000 fc:00 2502589                    /usr/lib/x86_64-linux-gnu/libxcb-dri2.so.0.0.0
7ff52ac66000-7ff52ac67000 r--p 00003000 fc:00 2502589                    /usr/lib/x86_64-linux-gnu/libxcb-dri2.so.0.0.0
7ff52ac67000-7ff52ac68000 rw-p 00004000 fc:00 2502589                    /usr/lib/x86_64-linux-gnu/libxcb-dri2.so.0.0.0
7ff52ac68000-7ff52ac6a000 r-xp 00000000 fc:00 2502601                    /usr/lib/x86_64-linux-gnu/libxcb-present.so.0.0.0
7ff52ac6a000-7ff52ae69000 ---p 00002000 fc:00 2502601                    /usr/lib/x86_64-linux-gnu/libxcb-present.so.0.0.0
7ff52ae69000-7ff52ae6a000 r--p 00001000 fc:00 2502601                    /usr/lib/x86_64-linux-gnu/libxcb-present.so.0.0.0
7ff52ae6a000-7ff52ae6b000 rw-p 00002000 fc:00 2502601                    /usr/lib/x86_64-linux-gnu/libxcb-present.so.0.0.0
7ff52ae6b000-7ff52ae6d000 r-xp 00000000 fc:00 2502591                    /usr/lib/x86_64-linux-gnu/libxcb-dri3.so.0.0.0
7ff52ae6d000-7ff52b06c000 ---p 00002000 fc:00 2502591                    /usr/lib/x86_64-linux-gnu/libxcb-dri3.so.0.0.0
7ff52b06c000-7ff52b06d000 r--p 00001000 fc:00 2502591                    /usr/lib/x86_64-linux-gnu/libxcb-dri3.so.0.0.0
7ff52b06d000-7ff52b06e000 rw-p 00002000 fc:00 2502591                    /usr/lib/x86_64-linux-gnu/libxcb-dri3.so.0.0.0
7ff52b06e000-7ff52b085000 r-xp 00000000 fc:00 2502593                    /usr/lib/x86_64-linux-gnu/libxcb-glx.so.0.0.0
7ff52b085000-7ff52b284000 ---p 00017000 fc:00 2502593                    /usr/lib/x86_64-linux-gnu/libxcb-glx.so.0.0.0
7ff52b284000-7ff52b286000 r--p 00016000 fc:00 2502593                    /usr/lib/x86_64-linux-gnu/libxcb-glx.so.0.0.0
7ff52b286000-7ff52b287000 rw-p 00018000 fc:00 2502593                    /usr/lib/x86_64-linux-gnu/libxcb-glx.so.0.0.0
7ff52b287000-7ff52b288000 r-xp 00000000 fc:00 2501200                    /usr/lib/x86_64-linux-gnu/libX11-xcb.so.1.0.0
7ff52b288000-7ff52b487000 ---p 00001000 fc:00 2501200                    /usr/lib/x86_64-linux-gnu/libX11-xcb.so.1.0.0
7ff52b487000-7ff52b488000 r--p 00000000 fc:00 2501200                    /usr/lib/x86_64-linux-gnu/libX11-xcb.so.1.0.0
7ff52b488000-7ff52b489000 rw-p 00001000 fc:00 2501200                    /usr/lib/x86_64-linux-gnu/libX11-xcb.so.1.0.0
7ff52b489000-7ff52b48e000 r-xp 00000000 fc:00 2501219                    /usr/lib/x86_64-linux-gnu/libXfixes.so.3.1.0
7ff52b48e000-7ff52b68d000 ---p 00005000 fc:00 2501219                    /usr/lib/x86_64-linux-gnu/libXfixes.so.3.1.0
7ff52b68d000-7ff52b68e000 r--p 00004000 fc:00 2501219                    /usr/lib/x86_64-linux-gnu/libXfixes.so.3.1.0
7ff52b68e000-7ff52b68f000 rw-p 00005000 fc:00 2501219                    /usr/lib/x86_64-linux-gnu/libXfixes.so.3.1.0
7ff52b68f000-7ff52b691000 r-xp 00000000 fc:00 2501213                    /usr/lib/x86_64-linux-gnu/libXdamage.so.1.1.0
7ff52b691000-7ff52b890000 ---p 00002000 fc:00 2501213                    /usr/lib/x86_64-linux-gnu/libXdamage.so.1.1.0
7ff52b890000-7ff52b891000 r--p 00001000 fc:00 2501213                    /usr/lib/x86_64-linux-gnu/libXdamage.so.1.1.0
7ff52b891000-7ff52b892000 rw-p 00002000 fc:00 2501213                    /usr/lib/x86_64-linux-gnu/libXdamage.so.1.1.0
7ff52b892000-7ff52b8a3000 r-xp 00000000 fc:00 2501217                    /usr/lib/x86_64-linux-gnu/libXext.so.6.4.0
7ff52b8a3000-7ff52baa2000 ---p 00011000 fc:00 2501217                    /usr/lib/x86_64-linux-gnu/libXext.so.6.4.0
7ff52baa2000-7ff52baa3000 r--p 00010000 fc:00 2501217                    /usr/lib/x86_64-linux-gnu/libXext.so.6.4.0
7ff52baa3000-7ff52baa4000 rw-p 00011000 fc:00 2501217                    /usr/lib/x86_64-linux-gnu/libXext.so.6.4.0
7ff52baa4000-7ff52bac5000 r-xp 00000000 fc:00 2502623                    /usr/lib/x86_64-linux-gnu/libxcb.so.1.1.0
7ff52bac5000-7ff52bcc4000 ---p 00021000 fc:00 2502623                    /usr/lib/x86_64-linux-gnu/libxcb.so.1.1.0
7ff52bcc4000-7ff52bcc5000 r--p 00020000 fc:00 2502623                    /usr/lib/x86_64-linux-gnu/libxcb.so.1.1.0
7ff52bcc5000-7ff52bcc6000 rw-p 00021000 fc:00 2502623                    /usr/lib/x86_64-linux-gnu/libxcb.so.1.1.0
7ff52bcc6000-7ff52bdfb000 r-xp 00000000 fc:00 2501202                    /usr/lib/x86_64-linux-gnu/libX11.so.6.3.0
7ff52bdfb000-7ff52bffb000 ---p 00135000 fc:00 2501202                    /usr/lib/x86_64-linux-gnu/libX11.so.6.3.0
7ff52bffb000-7ff52bffc000 r--p 00135000 fc:00 2501202                    /usr/lib/x86_64-linux-gnu/libX11.so.6.3.0
7ff52bffc000-7ff52c000000 rw-p 00136000 fc:00 2501202                    /usr/lib/x86_64-linux-gnu/libX11.so.6.3.0
7ff52c000000-7ff52c021000 rw-p 00000000 00:00 0 
7ff52c021000-7ff530000000 ---p 00000000 00:00 0 
7ff530000000-7ff530021000 rw-p 00000000 00:00 0 
7ff530021000-7ff534000000 ---p 00000000 00:00 0 
7ff534000000-7ff534147000 rw-p 00000000 00:00 0 
7ff534147000-7ff538000000 ---p 00000000 00:00 0 
7ff538000000-7ff53834d000 rw-p 00000000 00:00 0 
7ff53834d000-7ff53c000000 ---p 00000000 00:00 0 
7ff53c000000-7ff53c029000 rw-p 00000000 00:00 0 
7ff53c029000-7ff540000000 ---p 00000000 00:00 0 
7ff540000000-7ff5401ac000 rw-p 00000000 00:00 0 
7ff5401ac000-7ff544000000 ---p 00000000 00:00 0 
7ff544000000-7ff544021000 rw-p 00000000 00:00 0 
7ff544021000-7ff548000000 ---p 00000000 00:00 0 
7ff548000000-7ff548021000 rw-p 00000000 00:00 0 
7ff548021000-7ff54c000000 ---p 00000000 00:00 0 
7ff54c000000-7ff54c021000 rw-p 00000000 00:00 0 
7ff54c021000-7ff550000000 ---p 00000000 00:00 0 
7ff550000000-7ff550001000 r--s 00000000 fc:05 786881                     /var/cache/fontconfig/bab58bb527bb656aaa9f116d68a48d89-le64.cache-6
7ff550001000-7ff550002000 r--s 00000000 fc:05 786865                     /var/cache/fontconfig/56cf4f4769d0f4abc89a4895d7bd3ae1-le64.cache-6
7ff550002000-7ff550003000 r--s 00000000 fc:05 786864                     /var/cache/fontconfig/b9d506c9ac06c20b433354fa67a72993-le64.cache-6
7ff550003000-7ff550004000 r--s 00000000 fc:05 786859                     /var/cache/fontconfig/551ecf3b0e8b0bca0f25c0944f561853-le64.cache-6
7ff550004000-7ff55000f000 r--s 00000000 fc:05 786858                     /var/cache/fontconfig/d589a48862398ed80a3d6066f4f56f4c-le64.cache-6
7ff55000f000-7ff550010000 r--s 00000000 fc:05 786855                     /var/cache/fontconfig/30829fa25452a46451e813d634d7f916-le64.cache-6
7ff550010000-7ff550011000 r--s 00000000 fc:05 786840                     /var/cache/fontconfig/0c9eb80ebd1c36541ebe2852d3bb0c49-le64.cache-6
7ff550011000-7ff55001c000 r--s 00000000 fc:05 786850                     /var/cache/fontconfig/83bf95040141907cd45bb53cf7c1c148-le64.cache-6
7ff55001c000-7ff55002e000 r--s 00000000 fc:05 786748                     /var/cache/fontconfig/9b89f8e3dae116d678bbf48e5f21f69b-le64.cache-6
7ff55002e000-7ff55005d000 r--p 00000000 fc:00 138402                     /usr/share/locale-langpack/ru/LC_MESSAGES/libc.mo
7ff55005d000-7ff5500ec000 r-xp 00000000 fc:00 1051338                    /opt/amdgpu-pro/lib/x86_64-linux-gnu/libGL.so.1.2
7ff5500ec000-7ff5502ec000 ---p 0008f000 fc:00 1051338                    /opt/amdgpu-pro/lib/x86_64-linux-gnu/libGL.so.1.2
7ff5502ec000-7ff5502f4000 rw-p 0008f000 fc:00 1051338                    /opt/amdgpu-pro/lib/x86_64-linux-gnu/libGL.so.1.2
7ff5502f4000-7ff558000000 rw-p 00000000 00:00 0 
7ff558000000-7ff558021000 rw-p 00000000 00:00 0 
7ff558021000-7ff55c000000 ---p 00000000 00:00 0 
7ff55c000000-7ff55c021000 rw-p 00000000 00:00 0 
7ff55c021000-7ff560000000 ---p 00000000 00:00 0 
7ff560000000-7ff560021000 rw-p 00000000 00:00 0 
7ff560021000-7ff564000000 ---p 00000000 00:00 0 
7ff564000000-7ff564021000 rw-p 00000000 00:00 0 
7ff564021000-7ff568000000 ---p 00000000 00:00 0 
7ff568000000-7ff568021000 rw-p 00000000 00:00 0 
7ff568021000-7ff56c000000 ---p 00000000 00:00 0 
7ff56c000000-7ff56c010000 rw-s 15033e000 00:06 241                       /dev/dri/card0
7ff56c010000-7ff56c020000 rw-s 150c35000 00:06 241                       /dev/dri/card0
7ff56c020000-7ff56c113000 rw-p 00000000 00:00 0 
7ff56c113000-7ff56c131000 r-xp 00000000 fc:00 1442379                    /lib/x86_64-linux-gnu/libudev.so.1.6.4
7ff56c131000-7ff56c132000 r--p 0001d000 fc:00 1442379                    /lib/x86_64-linux-gnu/libudev.so.1.6.4
7ff56c132000-7ff56c133000 rw-p 0001e000 fc:00 1442379                    /lib/x86_64-linux-gnu/libudev.so.1.6.4
7ff56c133000-7ff56c163000 rw-s 154ffc000 00:06 241                       /dev/dri/card0
7ff56c163000-7ff56c16f000 r-xp 00000000 fc:00 2491327                    /usr/lib/jvm/java-8-openjdk-amd64/jre/lib/amd64/libprism_es2.so
7ff56c16f000-7ff56c36e000 ---p 0000c000 fc:00 2491327                    /usr/lib/jvm/java-8-openjdk-amd64/jre/lib/amd64/libprism_es2.so
7ff56c36e000-7ff56c36f000 r--p 0000b000 fc:00 2491327                    /usr/lib/jvm/java-8-openjdk-amd64/jre/lib/amd64/libprism_es2.so
7ff56c36f000-7ff56c370000 rw-p 0000c000 fc:00 2491327                    /usr/lib/jvm/java-8-openjdk-amd64/jre/lib/amd64/libprism_es2.so
7ff56c370000-7ff56c373000 ---p 00000000 00:00 0 
7ff56c373000-7ff56c471000 rw-p 00000000 00:00 0 
7ff56c471000-7ff56c472000 ---p 00000000 00:00 0 
7ff56c472000-7ff56c572000 rw-p 00000000 00:00 0 
7ff56c572000-7ff56c575000 ---p 00000000 00:00 0 
7ff56c575000-7ff56c974000 rw-p 00000000 00:00 0 
7ff56c974000-7ff56c98b000 r-xp 00000000 fc:00 2503140                    /usr/lib/jvm/java-8-openjdk-amd64/jre/lib/amd64/libnet.so
7ff56c98b000-7ff56cb8a000 ---p 00017000 fc:00 2503140                    /usr/lib/jvm/java-8-openjdk-amd64/jre/lib/amd64/libnet.so
7ff56cb8a000-7ff56cb8b000 r--p 00016000 fc:00 2503140                    /usr/lib/jvm/java-8-openjdk-amd64/jre/lib/amd64/libnet.so
7ff56cb8b000-7ff56cb8c000 rw-p 00017000 fc:00 2503140                    /usr/lib/jvm/java-8-openjdk-amd64/jre/lib/amd64/libnet.so
7ff56cb8c000-7ff56cb8f000 ---p 00000000 00:00 0 
7ff56cb8f000-7ff56cc8d000 rw-p 00000000 00:00 0 
7ff56cc8d000-7ff56cc90000 ---p 00000000 00:00 0 
7ff56cc90000-7ff56cd8e000 rw-p 00000000 00:00 0 
7ff56cd8e000-7ff56cd91000 ---p 00000000 00:00 0 
7ff56cd91000-7ff56ce8f000 rw-p 00000000 00:00 0 
7ff56ce8f000-7ff56ce92000 ---p 00000000 00:00 0 
7ff56ce92000-7ff56cf90000 rw-p 00000000 00:00 0 
7ff56cf90000-7ff56cfa3000 r--s 00346000 fc:00 2503856                    /usr/lib/jvm/java-8-openjdk-amd64/jre/lib/resources.jar
7ff56cfa3000-7ff56d039000 r--s 008d7000 fc:00 656602                     /usr/share/java/openjfx/jre/lib/ext/jfxrt.jar
7ff56d039000-7ff56d0cf000 r--s 008d7000 fc:00 656602                     /usr/share/java/openjfx/jre/lib/ext/jfxrt.jar
7ff56d0cf000-7ff56d0ea000 r--s 001d6000 fc:00 2494365                    /usr/lib/jvm/java-8-openjdk-amd64/jre/lib/ext/nashorn.jar
7ff56d0ea000-7ff56d0ed000 ---p 00000000 00:00 0 
7ff56d0ed000-7ff56d1eb000 rw-p 00000000 00:00 0 
7ff56d1eb000-7ff56d239000 r--p 00000000 fc:00 2492393                    /usr/lib/locale/ar_SD.utf8/LC_CTYPE
7ff56d239000-7ff56d369000 r--p 00000000 fc:00 804650                     /usr/lib/locale/be_BY.utf8/LC_COLLATE
7ff56d369000-7ff56d36c000 ---p 00000000 00:00 0 
7ff56d36c000-7ff56d46a000 rw-p 00000000 00:00 0 
7ff56d46a000-7ff56d46d000 ---p 00000000 00:00 0 
7ff56d46d000-7ff56d56b000 rw-p 00000000 00:00 0 
7ff56d56b000-7ff56d56c000 ---p 00000000 00:00 0 
7ff56d56c000-7ff56e57b000 rw-p 00000000 00:00 0 
7ff56e57b000-7ff56e74a000 r--s 03c07000 fc:00 2503196                    /usr/lib/jvm/java-8-openjdk-amd64/jre/lib/rt.jar
7ff56e74a000-7ff56f71a000 rw-p 00000000 00:00 0 
7ff56f71a000-7ff56f71b000 ---p 00000000 00:00 0 
7ff56f71b000-7ff56f81b000 rw-p 00000000 00:00 0 
7ff56f81b000-7ff56f81c000 ---p 00000000 00:00 0 
7ff56f81c000-7ff56f91c000 rw-p 00000000 00:00 0 
7ff56f91c000-7ff56f91d000 ---p 00000000 00:00 0 
7ff56f91d000-7ff56fa1d000 rw-p 00000000 00:00 0 
7ff56fa1d000-7ff56fa1e000 ---p 00000000 00:00 0 
7ff56fa1e000-7ff56fb72000 rw-p 00000000 00:00 0 
7ff56fb72000-7ff570054000 ---p 00000000 00:00 0 
7ff570054000-7ff5700a8000 rw-p 00000000 00:00 0 
7ff5700a8000-7ff570589000 ---p 00000000 00:00 0 
7ff570589000-7ff5705b3000 rw-p 00000000 00:00 0 
7ff5705b3000-7ff570824000 ---p 00000000 00:00 0 
7ff570824000-7ff57083c000 rw-p 00000000 00:00 0 
7ff57083c000-7ff570be5000 ---p 00000000 00:00 0 
7ff570be5000-7ff571175000 rwxp 00000000 00:00 0 
7ff571175000-7ff57fbe5000 ---p 00000000 00:00 0 
7ff57fbe5000-7ff57fbed000 r-xp 00000000 fc:00 2495064                    /usr/lib/jvm/java-8-openjdk-amd64/jre/lib/amd64/libzip.so
7ff57fbed000-7ff57fdec000 ---p 00008000 fc:00 2495064                    /usr/lib/jvm/java-8-openjdk-amd64/jre/lib/amd64/libzip.so
7ff57fdec000-7ff57fded000 r--p 00007000 fc:00 2495064                    /usr/lib/jvm/java-8-openjdk-amd64/jre/lib/amd64/libzip.so
7ff57fded000-7ff57fdee000 rw-p 00008000 fc:00 2495064                    /usr/lib/jvm/java-8-openjdk-amd64/jre/lib/amd64/libzip.so
7ff57fdee000-7ff57fdf9000 r-xp 00000000 fc:00 1450260                    /lib/x86_64-linux-gnu/libnss_files-2.23.so
7ff57fdf9000-7ff57fff8000 ---p 0000b000 fc:00 1450260                    /lib/x86_64-linux-gnu/libnss_files-2.23.so
7ff57fff8000-7ff57fff9000 r--p 0000a000 fc:00 1450260                    /lib/x86_64-linux-gnu/libnss_files-2.23.so
7ff57fff9000-7ff57fffa000 rw-p 0000b000 fc:00 1450260                    /lib/x86_64-linux-gnu/libnss_files-2.23.so
7ff57fffa000-7ff580000000 rw-p 00000000 00:00 0 
7ff580000000-7ff580421000 rw-p 00000000 00:00 0 
7ff580421000-7ff584000000 ---p 00000000 00:00 0 
7ff584000000-7ff584003000 r--s 00000000 fc:05 786851                     /var/cache/fontconfig/75114ca45c98e8a441da0ff356701271-le64.cache-6
7ff584003000-7ff584006000 r--s 00000000 fc:05 786766                     /var/cache/fontconfig/e13b20fdb08344e0e664864cc2ede53d-le64.cache-6
7ff584006000-7ff58400a000 r--s 00000000 fc:05 786762                     /var/cache/fontconfig/7ef2298fde41cc6eeb7af42e48b7d293-le64.cache-6
7ff58400a000-7ff58400b000 rw-s 00000000 00:14 30                         /dev/shm/af2RgT (deleted)
7ff58400b000-7ff584026000 r--s 00394000 fc:00 2494363                    /usr/lib/jvm/java-8-openjdk-amd64/jre/lib/ext/cldrdata.jar
7ff584026000-7ff5840e9000 rw-p 00000000 00:00 0 
7ff5840e9000-7ff5840f4000 r-xp 00000000 fc:00 1450265                    /lib/x86_64-linux-gnu/libnss_nis-2.23.so
7ff5840f4000-7ff5842f3000 ---p 0000b000 fc:00 1450265                    /lib/x86_64-linux-gnu/libnss_nis-2.23.so
7ff5842f3000-7ff5842f4000 r--p 0000a000 fc:00 1450265                    /lib/x86_64-linux-gnu/libnss_nis-2.23.so
7ff5842f4000-7ff5842f5000 rw-p 0000b000 fc:00 1450265                    /lib/x86_64-linux-gnu/libnss_nis-2.23.so
7ff5842f5000-7ff58430b000 r-xp 00000000 fc:00 1450251                    /lib/x86_64-linux-gnu/libnsl-2.23.so
7ff58430b000-7ff58450a000 ---p 00016000 fc:00 1450251                    /lib/x86_64-linux-gnu/libnsl-2.23.so
7ff58450a000-7ff58450b000 r--p 00015000 fc:00 1450251                    /lib/x86_64-linux-gnu/libnsl-2.23.so
7ff58450b000-7ff58450c000 rw-p 00016000 fc:00 1450251                    /lib/x86_64-linux-gnu/libnsl-2.23.so
7ff58450c000-7ff58450e000 rw-p 00000000 00:00 0 
7ff58450e000-7ff584516000 r-xp 00000000 fc:00 1450274                    /lib/x86_64-linux-gnu/libnss_compat-2.23.so
7ff584516000-7ff584715000 ---p 00008000 fc:00 1450274                    /lib/x86_64-linux-gnu/libnss_compat-2.23.so
7ff584715000-7ff584716000 r--p 00007000 fc:00 1450274                    /lib/x86_64-linux-gnu/libnss_compat-2.23.so
7ff584716000-7ff584717000 rw-p 00008000 fc:00 1450274                    /lib/x86_64-linux-gnu/libnss_compat-2.23.so
7ff584717000-7ff584721000 r-xp 00000000 fc:00 2503160                    /usr/lib/jvm/java-8-openjdk-amd64/jre/lib/amd64/libinstrument.so
7ff584721000-7ff584920000 ---p 0000a000 fc:00 2503160                    /usr/lib/jvm/java-8-openjdk-amd64/jre/lib/amd64/libinstrument.so
7ff584920000-7ff584921000 r--p 00009000 fc:00 2503160                    /usr/lib/jvm/java-8-openjdk-amd64/jre/lib/amd64/libinstrument.so
7ff584921000-7ff584922000 rw-p 0000a000 fc:00 2503160                    /usr/lib/jvm/java-8-openjdk-amd64/jre/lib/amd64/libinstrument.so
7ff584922000-7ff58494f000 r-xp 00000000 fc:00 2494390                    /usr/lib/jvm/java-8-openjdk-amd64/jre/lib/amd64/libjava.so
7ff58494f000-7ff584b4e000 ---p 0002d000 fc:00 2494390                    /usr/lib/jvm/java-8-openjdk-amd64/jre/lib/amd64/libjava.so
7ff584b4e000-7ff584b4f000 r--p 0002c000 fc:00 2494390                    /usr/lib/jvm/java-8-openjdk-amd64/jre/lib/amd64/libjava.so
7ff584b4f000-7ff584b51000 rw-p 0002d000 fc:00 2494390                    /usr/lib/jvm/java-8-openjdk-amd64/jre/lib/amd64/libjava.so
7ff584b51000-7ff584b60000 r-xp 00000000 fc:00 2494384                    /usr/lib/jvm/java-8-openjdk-amd64/jre/lib/amd64/libverify.so
7ff584b60000-7ff584d5f000 ---p 0000f000 fc:00 2494384                    /usr/lib/jvm/java-8-openjdk-amd64/jre/lib/amd64/libverify.so
7ff584d5f000-7ff584d61000 r--p 0000e000 fc:00 2494384                    /usr/lib/jvm/java-8-openjdk-amd64/jre/lib/amd64/libverify.so
7ff584d61000-7ff584d62000 rw-p 00010000 fc:00 2494384                    /usr/lib/jvm/java-8-openjdk-amd64/jre/lib/amd64/libverify.so
7ff584d62000-7ff584d69000 r-xp 00000000 fc:00 1450267                    /lib/x86_64-linux-gnu/librt-2.23.so
7ff584d69000-7ff584f68000 ---p 00007000 fc:00 1450267                    /lib/x86_64-linux-gnu/librt-2.23.so
7ff584f68000-7ff584f69000 r--p 00006000 fc:00 1450267                    /lib/x86_64-linux-gnu/librt-2.23.so
7ff584f69000-7ff584f6a000 rw-p 00007000 fc:00 1450267                    /lib/x86_64-linux-gnu/librt-2.23.so
7ff584f6a000-7ff584f80000 r-xp 00000000 fc:00 1446836                    /lib/x86_64-linux-gnu/libgcc_s.so.1
7ff584f80000-7ff58517f000 ---p 00016000 fc:00 1446836                    /lib/x86_64-linux-gnu/libgcc_s.so.1
7ff58517f000-7ff585180000 rw-p 00015000 fc:00 1446836                    /lib/x86_64-linux-gnu/libgcc_s.so.1
7ff585180000-7ff585288000 r-xp 00000000 fc:00 1450284                    /lib/x86_64-linux-gnu/libm-2.23.so
7ff585288000-7ff585487000 ---p 00108000 fc:00 1450284                    /lib/x86_64-linux-gnu/libm-2.23.so
7ff585487000-7ff585488000 r--p 00107000 fc:00 1450284                    /lib/x86_64-linux-gnu/libm-2.23.so
7ff585488000-7ff585489000 rw-p 00108000 fc:00 1450284                    /lib/x86_64-linux-gnu/libm-2.23.so
7ff585489000-7ff5855fb000 r-xp 00000000 fc:00 2490598                    /usr/lib/x86_64-linux-gnu/libstdc++.so.6.0.21
7ff5855fb000-7ff5857fb000 ---p 00172000 fc:00 2490598                    /usr/lib/x86_64-linux-gnu/libstdc++.so.6.0.21
7ff5857fb000-7ff585805000 r--p 00172000 fc:00 2490598                    /usr/lib/x86_64-linux-gnu/libstdc++.so.6.0.21
7ff585805000-7ff585807000 rw-p 0017c000 fc:00 2490598                    /usr/lib/x86_64-linux-gnu/libstdc++.so.6.0.21
7ff585807000-7ff58580b000 rw-p 00000000 00:00 0 
7ff58580b000-7ff58645c000 r-xp 00000000 fc:00 2494382                    /usr/lib/jvm/java-8-openjdk-amd64/jre/lib/amd64/server/libjvm.so
7ff58645c000-7ff58665c000 ---p 00c51000 fc:00 2494382                    /usr/lib/jvm/java-8-openjdk-amd64/jre/lib/amd64/server/libjvm.so
7ff58665c000-7ff5866ef000 r--p 00c51000 fc:00 2494382                    /usr/lib/jvm/java-8-openjdk-amd64/jre/lib/amd64/server/libjvm.so
7ff5866ef000-7ff586718000 rw-p 00ce4000 fc:00 2494382                    /usr/lib/jvm/java-8-openjdk-amd64/jre/lib/amd64/server/libjvm.so
7ff586718000-7ff586748000 rw-p 00000000 00:00 0 
7ff586748000-7ff586760000 r-xp 00000000 fc:00 1450263                    /lib/x86_64-linux-gnu/libpthread-2.23.so
7ff586760000-7ff58695f000 ---p 00018000 fc:00 1450263                    /lib/x86_64-linux-gnu/libpthread-2.23.so
7ff58695f000-7ff586960000 r--p 00017000 fc:00 1450263                    /lib/x86_64-linux-gnu/libpthread-2.23.so
7ff586960000-7ff586961000 rw-p 00018000 fc:00 1450263                    /lib/x86_64-linux-gnu/libpthread-2.23.so
7ff586961000-7ff586965000 rw-p 00000000 00:00 0 
7ff586965000-7ff586968000 r-xp 00000000 fc:00 1450272                    /lib/x86_64-linux-gnu/libdl-2.23.so
7ff586968000-7ff586b67000 ---p 00003000 fc:00 1450272                    /lib/x86_64-linux-gnu/libdl-2.23.so
7ff586b67000-7ff586b68000 r--p 00002000 fc:00 1450272                    /lib/x86_64-linux-gnu/libdl-2.23.so
7ff586b68000-7ff586b69000 rw-p 00003000 fc:00 1450272                    /lib/x86_64-linux-gnu/libdl-2.23.so
7ff586b69000-7ff586b82000 r-xp 00000000 fc:00 1459676                    /lib/x86_64-linux-gnu/libz.so.1.2.8
7ff586b82000-7ff586d81000 ---p 00019000 fc:00 1459676                    /lib/x86_64-linux-gnu/libz.so.1.2.8
7ff586d81000-7ff586d82000 r--p 00018000 fc:00 1459676                    /lib/x86_64-linux-gnu/libz.so.1.2.8
7ff586d82000-7ff586d83000 rw-p 00019000 fc:00 1459676                    /lib/x86_64-linux-gnu/libz.so.1.2.8
7ff586d83000-7ff586f43000 r-xp 00000000 fc:00 1450294                    /lib/x86_64-linux-gnu/libc-2.23.so
7ff586f43000-7ff587143000 ---p 001c0000 fc:00 1450294                    /lib/x86_64-linux-gnu/libc-2.23.so
7ff587143000-7ff587147000 r--p 001c0000 fc:00 1450294                    /lib/x86_64-linux-gnu/libc-2.23.so
7ff587147000-7ff587149000 rw-p 001c4000 fc:00 1450294                    /lib/x86_64-linux-gnu/libc-2.23.so
7ff587149000-7ff58714d000 rw-p 00000000 00:00 0 
7ff58714d000-7ff58715a000 r-xp 00000000 fc:00 2503136                    /usr/lib/jvm/java-8-openjdk-amd64/jre/lib/amd64/jli/libjli.so
7ff58715a000-7ff58735a000 ---p 0000d000 fc:00 2503136                    /usr/lib/jvm/java-8-openjdk-amd64/jre/lib/amd64/jli/libjli.so
7ff58735a000-7ff58735b000 r--p 0000d000 fc:00 2503136                    /usr/lib/jvm/java-8-openjdk-amd64/jre/lib/amd64/jli/libjli.so
7ff58735b000-7ff58735c000 rw-p 0000e000 fc:00 2503136                    /usr/lib/jvm/java-8-openjdk-amd64/jre/lib/amd64/jli/libjli.so
7ff58735c000-7ff587382000 r-xp 00000000 fc:00 1450252                    /lib/x86_64-linux-gnu/ld-2.23.so
7ff587382000-7ff587383000 rw-s 00000000 00:14 39                         /dev/shm/sem.__AMD_GL_CACHE__05ba96eaa344c23c_e03bf0f81d54b558_2 (deleted)
7ff587383000-7ff587387000 rwxp 00000000 00:00 0 
7ff587387000-7ff587389000 r--s 0001a000 fc:04 22285515                   /home/user/.local/share/JetBrains/Toolbox/apps/IDEA-C/ch-0/171.4694.23/lib/idea_rt.jar
7ff587389000-7ff58738a000 r--s 00000000 fc:00 2494367                    /usr/lib/jvm/java-8-openjdk-amd64/jre/lib/management-agent.jar
7ff58738a000-7ff58738f000 r--s 0009a000 fc:00 2503857                    /usr/lib/jvm/java-8-openjdk-amd64/jre/lib/jsse.jar
7ff58738f000-7ff587390000 r--s 00009000 fc:00 667733                     /usr/share/java/openjfx/jre/lib/jfxswt.jar
7ff587390000-7ff587393000 r--s 00015000 fc:00 2503862                    /usr/lib/jvm/java-8-openjdk-amd64/jre/lib/jce.jar
7ff587393000-7ff587398000 r--s 002f9000 fc:00 2503200                    /usr/lib/jvm/java-8-openjdk-amd64/jre/lib/charsets.jar
7ff587398000-7ff58739a000 r--s 00001000 fc:00 2494356                    /usr/lib/jvm/java-8-openjdk-amd64/jre/lib/ext/dnsns.jar
7ff58739a000-7ff58739f000 r--s 0003b000 fc:00 2494361                    /usr/lib/jvm/java-8-openjdk-amd64/jre/lib/ext/sunjce_provider.jar
7ff58739f000-7ff587449000 rw-p 00000000 00:00 0 
7ff587449000-7ff58744c000 ---p 00000000 00:00 0 
7ff58744c000-7ff58754f000 rw-p 00000000 00:00 0 
7ff58754f000-7ff587552000 r--s 0000f000 fc:00 2494362                    /usr/lib/jvm/java-8-openjdk-amd64/jre/lib/ext/icedtea-sound.jar
7ff587552000-7ff587553000 r--s 0000a000 fc:00 2494357                    /usr/lib/jvm/java-8-openjdk-amd64/jre/lib/ext/jaccess.jar
7ff587553000-7ff587555000 r--s 00008000 fc:00 2494360                    /usr/lib/jvm/java-8-openjdk-amd64/jre/lib/ext/sunec.jar
7ff587555000-7ff58755f000 r--s 00116000 fc:00 2494364                    /usr/lib/jvm/java-8-openjdk-amd64/jre/lib/ext/localedata.jar
7ff58755f000-7ff587560000 r--s 00010000 fc:00 2494359                    /usr/lib/jvm/java-8-openjdk-amd64/jre/lib/ext/zipfs.jar
7ff587560000-7ff587564000 r--s 00037000 fc:00 2494358                    /usr/lib/jvm/java-8-openjdk-amd64/jre/lib/ext/sunpkcs11.jar
7ff587564000-7ff587565000 r--p 00000000 fc:00 532276                     /usr/lib/locale/cv_RU/LC_NUMERIC
7ff587565000-7ff587566000 r--p 00000000 fc:00 2531568                    /usr/lib/locale/ru_RU.utf8/LC_TIME
7ff587566000-7ff587567000 r--p 00000000 fc:00 2530513                    /usr/lib/locale/ce_RU/LC_MONETARY
7ff587567000-7ff587568000 r--p 00000000 fc:00 2531552                    /usr/lib/locale/ru_UA.utf8/LC_MESSAGES/SYS_LC_MESSAGES
7ff587568000-7ff587569000 r--p 00000000 fc:00 2492405                    /usr/lib/locale/ar_SD.utf8/LC_PAPER
7ff587569000-7ff58756a000 r--p 00000000 fc:00 532286                     /usr/lib/locale/cv_RU/LC_NAME
7ff58756a000-7ff58756b000 r--p 00000000 fc:00 2531570                    /usr/lib/locale/ru_RU.utf8/LC_ADDRESS
7ff58756b000-7ff58756c000 r--p 00000000 fc:00 532284                     /usr/lib/locale/cv_RU/LC_TELEPHONE
7ff58756c000-7ff58756d000 r--p 00000000 fc:00 2492407                    /usr/lib/locale/ar_SD.utf8/LC_MEASUREMENT
7ff58756d000-7ff587574000 r--s 00000000 fc:00 5191                       /usr/lib/x86_64-linux-gnu/gconv/gconv-modules.cache
7ff587574000-7ff587575000 r--p 00000000 fc:00 2531569                    /usr/lib/locale/ru_RU.utf8/LC_IDENTIFICATION
7ff587575000-7ff58757d000 rw-s 00000000 fc:06 655367                     /tmp/hsperfdata_user/8962
7ff58757d000-7ff58757e000 rw-p 00000000 00:00 0 
7ff58757e000-7ff58757f000 r--p 00000000 00:00 0 
7ff58757f000-7ff587581000 rw-p 00000000 00:00 0 
7ff587581000-7ff587582000 r--p 00025000 fc:00 1450252                    /lib/x86_64-linux-gnu/ld-2.23.so
7ff587582000-7ff587583000 rw-p 00026000 fc:00 1450252                    /lib/x86_64-linux-gnu/ld-2.23.so
7ff587583000-7ff587584000 rw-p 00000000 00:00 0 
7ffffccf9000-7ffffcd1a000 rw-p 00000000 00:00 0                          [stack]
7ffffcd9e000-7ffffcda0000 r--p 00000000 00:00 0                          [vvar]
7ffffcda0000-7ffffcda2000 r-xp 00000000 00:00 0                          [vdso]
ffffffffff600000-ffffffffff601000 r-xp 00000000 00:00 0                  [vsyscall]

VM Arguments:
jvm_args: -javaagent:/home/user/.local/share/JetBrains/Toolbox/apps/IDEA-C/ch-0/171.4694.23/lib/idea_rt.jar=33123:/home/user/.local/share/JetBrains/Toolbox/apps/IDEA-C/ch-0/171.4694.23/bin -Dfile.encoding=UTF-8 
java_command: JFXRadioButton
java_class_path (initial): /usr/lib/jvm/java-1.8.0-openjdk-amd64/jre/lib/charsets.jar:/usr/lib/jvm/java-1.8.0-openjdk-amd64/jre/lib/ext/cldrdata.jar:/usr/lib/jvm/java-1.8.0-openjdk-amd64/jre/lib/ext/dnsns.jar:/usr/lib/jvm/java-1.8.0-openjdk-amd64/jre/lib/ext/icedtea-sound.jar:/usr/lib/jvm/java-1.8.0-openjdk-amd64/jre/lib/ext/jaccess.jar:/usr/lib/jvm/java-1.8.0-openjdk-amd64/jre/lib/ext/jfxrt.jar:/usr/lib/jvm/java-1.8.0-openjdk-amd64/jre/lib/ext/localedata.jar:/usr/lib/jvm/java-1.8.0-openjdk-amd64/jre/lib/ext/nashorn.jar:/usr/lib/jvm/java-1.8.0-openjdk-amd64/jre/lib/ext/sunec.jar:/usr/lib/jvm/java-1.8.0-openjdk-amd64/jre/lib/ext/sunjce_provider.jar:/usr/lib/jvm/java-1.8.0-openjdk-amd64/jre/lib/ext/sunpkcs11.jar:/usr/lib/jvm/java-1.8.0-openjdk-amd64/jre/lib/ext/zipfs.jar:/usr/lib/jvm/java-1.8.0-openjdk-amd64/jre/lib/jce.jar:/usr/lib/jvm/java-1.8.0-openjdk-amd64/jre/lib/jfxswt.jar:/usr/lib/jvm/java-1.8.0-openjdk-amd64/jre/lib/jsse.jar:/usr/lib/jvm/java-1.8.0-openjdk-amd64/jre/lib/management-agent.jar:/usr/lib/jvm/java-1.8.0-openjdk-amd64/jre/lib/resources.jar:/usr/lib/jvm/java-1.8.0-openjdk-amd64/jre/lib/rt.jar:/home/user/repositories/javafx_learn/JFXBookExample/out/production/JFXBookExample:/home/user/.local/share/JetBrains/Toolbox/apps/IDEA-C/ch-0/171.4694.23/lib/idea_rt.jar
Launcher Type: SUN_STANDARD

Environment Variables:
PATH=/home/user/bin:/home/user/.local/bin:/usr/local/sbin:/usr/local/bin:/usr/sbin:/usr/bin:/sbin:/bin:/usr/games:/usr/local/games:/snap/bin
LD_LIBRARY_PATH=/home/user/.local/share/JetBrains/Toolbox/apps/IDEA-C/ch-0/171.4694.23/bin:
SHELL=/bin/bash
DISPLAY=:0

Signal Handlers:
SIGSEGV: [libjvm.so+0xa67f40], sa_mask[0]=11111111011111111101111111111110, sa_flags=SA_RESTART|SA_SIGINFO
SIGBUS: [libjvm.so+0xa67f40], sa_mask[0]=11111111011111111101111111111110, sa_flags=SA_RESTART|SA_SIGINFO
SIGFPE: [libjvm.so+0x8b0ec0], sa_mask[0]=11111111011111111101111111111110, sa_flags=SA_RESTART|SA_SIGINFO
SIGPIPE: SIG_IGN, sa_mask[0]=00000000000010000000000000000000, sa_flags=SA_RESTART
SIGXFSZ: [libjvm.so+0x8b0ec0], sa_mask[0]=11111111011111111101111111111110, sa_flags=SA_RESTART|SA_SIGINFO
SIGILL: [libjvm.so+0x8b0ec0], sa_mask[0]=11111111011111111101111111111110, sa_flags=SA_RESTART|SA_SIGINFO
SIGUSR1: SIG_DFL, sa_mask[0]=00000000000000000000000000000000, sa_flags=none
SIGUSR2: [libjvm.so+0x8b0d70], sa_mask[0]=00100000000000000000000000000000, sa_flags=SA_RESTART|SA_SIGINFO
SIGHUP: [libjvm.so+0x8b1240], sa_mask[0]=11111111011111111101111111111110, sa_flags=SA_RESTART|SA_SIGINFO
SIGINT: [libjvm.so+0x8b1240], sa_mask[0]=11111111011111111101111111111110, sa_flags=SA_RESTART|SA_SIGINFO
SIGTERM: [libjvm.so+0x8b1240], sa_mask[0]=11111111011111111101111111111110, sa_flags=SA_RESTART|SA_SIGINFO
SIGQUIT: [libjvm.so+0x8b1240], sa_mask[0]=11111111011111111101111111111110, sa_flags=SA_RESTART|SA_SIGINFO


---------------  S Y S T E M  ---------------

OS:DISTRIB_ID=Ubuntu
DISTRIB_RELEASE=16.04
DISTRIB_CODENAME=xenial
DISTRIB_DESCRIPTION="Ubuntu 16.04.2 LTS"

uname:Linux 4.4.0-83-generic #106-Ubuntu SMP Mon Jun 26 17:54:43 UTC 2017 x86_64
libc:glibc 2.23 NPTL 2.23 
rlimit: STACK 8192k, CORE 0k, NPROC 63062, NOFILE 65536, AS infinity
load average:0,95 0,48 0,39

/proc/meminfo:
MemTotal:       16382724 kB
MemFree:         1731052 kB
MemAvailable:   11109512 kB
Buffers:          372084 kB
Cached:          9000088 kB
SwapCached:            0 kB
Active:          5879368 kB
Inactive:        7493452 kB
Active(anon):    4007452 kB
Inactive(anon):   106260 kB
Active(file):    1871916 kB
Inactive(file):  7387192 kB
Unevictable:        6528 kB
Mlocked:            6528 kB
SwapTotal:             0 kB
SwapFree:              0 kB
Dirty:              6340 kB
Writeback:             0 kB
AnonPages:       4007204 kB
Mapped:           623856 kB
Shmem:            109536 kB
Slab:             504172 kB
SReclaimable:     455500 kB
SUnreclaim:        48672 kB
KernelStack:        9424 kB
PageTables:        39704 kB
NFS_Unstable:          0 kB
Bounce:                0 kB
WritebackTmp:          0 kB
CommitLimit:     8191360 kB
Committed_AS:    7250804 kB
VmallocTotal:   34359738367 kB
VmallocUsed:           0 kB
VmallocChunk:          0 kB
HardwareCorrupted:     0 kB
AnonHugePages:   1540096 kB
CmaTotal:              0 kB
CmaFree:               0 kB
HugePages_Total:       0
HugePages_Free:        0
HugePages_Rsvd:        0
HugePages_Surp:        0
Hugepagesize:       2048 kB
DirectMap4k:      712024 kB
DirectMap2M:    16015360 kB


CPU:total 4 (initial active 4) (4 cores per cpu, 1 threads per core) family 6 model 58 stepping 9, cmov, cx8, fxsr, mmx, sse, sse2, sse3, ssse3, sse4.1, sse4.2, popcnt, avx, aes, clmul, erms, tsc, tscinvbit, tscinv

/proc/cpuinfo:
processor	: 0
vendor_id	: GenuineIntel
cpu family	: 6
model		: 58
model name	: Intel(R) Core(TM) i5-3470 CPU @ 3.20GHz
stepping	: 9
microcode	: 0x12
cpu MHz		: 2575.625
cache size	: 6144 KB
physical id	: 0
siblings	: 4
core id		: 0
cpu cores	: 4
apicid		: 0
initial apicid	: 0
fpu		: yes
fpu_exception	: yes
cpuid level	: 13
wp		: yes
flags		: fpu vme de pse tsc msr pae mce cx8 apic sep mtrr pge mca cmov pat pse36 clflush dts acpi mmx fxsr sse sse2 ss ht tm pbe syscall nx rdtscp lm constant_tsc arch_perfmon pebs bts rep_good nopl xtopology nonstop_tsc aperfmperf eagerfpu pni pclmulqdq dtes64 monitor ds_cpl vmx smx est tm2 ssse3 cx16 xtpr pdcm pcid sse4_1 sse4_2 x2apic popcnt tsc_deadline_timer aes xsave avx f16c rdrand lahf_lm epb tpr_shadow vnmi flexpriority ept vpid fsgsbase smep erms xsaveopt dtherm ida arat pln pts
bugs		:
bogomips	: 6385.80
clflush size	: 64
cache_alignment	: 64
address sizes	: 36 bits physical, 48 bits virtual
power management:

processor	: 1
vendor_id	: GenuineIntel
cpu family	: 6
model		: 58
model name	: Intel(R) Core(TM) i5-3470 CPU @ 3.20GHz
stepping	: 9
microcode	: 0x12
cpu MHz		: 2567.875
cache size	: 6144 KB
physical id	: 0
siblings	: 4
core id		: 1
cpu cores	: 4
apicid		: 2
initial apicid	: 2
fpu		: yes
fpu_exception	: yes
cpuid level	: 13
wp		: yes
flags		: fpu vme de pse tsc msr pae mce cx8 apic sep mtrr pge mca cmov pat pse36 clflush dts acpi mmx fxsr sse sse2 ss ht tm pbe syscall nx rdtscp lm constant_tsc arch_perfmon pebs bts rep_good nopl xtopology nonstop_tsc aperfmperf eagerfpu pni pclmulqdq dtes64 monitor ds_cpl vmx smx est tm2 ssse3 cx16 xtpr pdcm pcid sse4_1 sse4_2 x2apic popcnt tsc_deadline_timer aes xsave avx f16c rdrand lahf_lm epb tpr_shadow vnmi flexpriority ept vpid fsgsbase smep erms xsaveopt dtherm ida arat pln pts
bugs		:
bogomips	: 6385.80
clflush size	: 64
cache_alignment	: 64
address sizes	: 36 bits physical, 48 bits virtual
power management:

processor	: 2
vendor_id	: GenuineIntel
cpu family	: 6
model		: 58
model name	: Intel(R) Core(TM) i5-3470 CPU @ 3.20GHz
stepping	: 9
microcode	: 0x12
cpu MHz		: 2593.250
cache size	: 6144 KB
physical id	: 0
siblings	: 4
core id		: 2
cpu cores	: 4
apicid		: 4
initial apicid	: 4
fpu		: yes
fpu_exception	: yes
cpuid level	: 13
wp		: yes
flags		: fpu vme de pse tsc msr pae mce cx8 apic sep mtrr pge mca cmov pat pse36 clflush dts acpi mmx fxsr sse sse2 ss ht tm pbe syscall nx rdtscp lm constant_tsc arch_perfmon pebs bts rep_good nopl xtopology nonstop_tsc aperfmperf eagerfpu pni pclmulqdq dtes64 monitor ds_cpl vmx smx est tm2 ssse3 cx16 xtpr pdcm pcid sse4_1 sse4_2 x2apic popcnt tsc_deadline_timer aes xsave avx f16c rdrand lahf_lm epb tpr_shadow vnmi flexpriority ept vpid fsgsbase smep erms xsaveopt dtherm ida arat pln pts
bugs		:
bogomips	: 6385.80
clflush size	: 64
cache_alignment	: 64
address sizes	: 36 bits physical, 48 bits virtual
power management:

processor	: 3
vendor_id	: GenuineIntel
cpu family	: 6
model		: 58
model name	: Intel(R) Core(TM) i5-3470 CPU @ 3.20GHz
stepping	: 9
microcode	: 0x12
cpu MHz		: 2535.750
cache size	: 6144 KB
physical id	: 0
siblings	: 4
core id		: 3
cpu cores	: 4
apicid		: 6
initial apicid	: 6
fpu		: yes
fpu_exception	: yes
cpuid level	: 13
wp		: yes
flags		: fpu vme de pse tsc msr pae mce cx8 apic sep mtrr pge mca cmov pat pse36 clflush dts acpi mmx fxsr sse sse2 ss ht tm pbe syscall nx rdtscp lm constant_tsc arch_perfmon pebs bts rep_good nopl xtopology nonstop_tsc aperfmperf eagerfpu pni pclmulqdq dtes64 monitor ds_cpl vmx smx est tm2 ssse3 cx16 xtpr pdcm pcid sse4_1 sse4_2 x2apic popcnt tsc_deadline_timer aes xsave avx f16c rdrand lahf_lm epb tpr_shadow vnmi flexpriority ept vpid fsgsbase smep erms xsaveopt dtherm ida arat pln pts
bugs		:
bogomips	: 6385.80
clflush size	: 64
cache_alignment	: 64
address sizes	: 36 bits physical, 48 bits virtual
power management:



Memory: 4k page, physical 16382724k(1731052k free), swap 0k(0k free)

vm_info: OpenJDK 64-Bit Server VM (25.131-b11) for linux-amd64 JRE (1.8.0_131-8u131-b11-0ubuntu1.16.04.2-b11), built on May  6 2017 02:45:27 by "buildd" with gcc 5.4.0 20160609

time: Mon Jul 17 10:56:49 2017
elapsed time: 19 seconds (0d 0h 0m 19s)

